TN:
SF:src/app.ts
FN:25,(anonymous_1)
FNF:1
FNH:0
FNDA:0,(anonymous_1)
DA:3,10
DA:4,10
DA:5,10
DA:8,10
DA:9,10
DA:10,10
DA:11,10
DA:12,10
DA:14,10
DA:17,10
DA:21,10
DA:22,10
DA:25,10
DA:26,0
DA:34,10
DA:35,10
DA:36,10
DA:37,10
DA:38,10
DA:41,10
DA:44,10
DA:46,10
LF:22
LH:21
BRF:0
BRH:0
end_of_record
TN:
SF:src/server.ts
FN:20,(anonymous_1)
FN:40,(anonymous_2)
FN:54,startBackgroundTasks
FN:56,(anonymous_4)
FN:65,(anonymous_5)
FN:77,(anonymous_6)
FN:79,(anonymous_7)
FN:83,(anonymous_8)
FN:85,(anonymous_9)
FN:89,(anonymous_10)
FN:91,(anonymous_11)
FN:97,(anonymous_12)
FN:99,(anonymous_13)
FNF:13
FNH:0
FNDA:0,(anonymous_1)
FNDA:0,(anonymous_2)
FNDA:0,startBackgroundTasks
FNDA:0,(anonymous_4)
FNDA:0,(anonymous_5)
FNDA:0,(anonymous_6)
FNDA:0,(anonymous_7)
FNDA:0,(anonymous_8)
FNDA:0,(anonymous_9)
FNDA:0,(anonymous_10)
FNDA:0,(anonymous_11)
FNDA:0,(anonymous_12)
FNDA:0,(anonymous_13)
DA:1,0
DA:4,0
DA:6,0
DA:7,0
DA:8,0
DA:9,0
DA:10,0
DA:11,0
DA:12,0
DA:14,0
DA:17,0
DA:20,0
DA:21,0
DA:23,0
DA:26,0
DA:27,0
DA:28,0
DA:30,0
DA:34,0
DA:37,0
DA:40,0
DA:41,0
DA:42,0
DA:43,0
DA:44,0
DA:45,0
DA:48,0
DA:49,0
DA:56,0
DA:57,0
DA:58,0
DA:60,0
DA:65,0
DA:66,0
DA:67,0
DA:69,0
DA:73,0
DA:77,0
DA:78,0
DA:79,0
DA:83,0
DA:84,0
DA:85,0
DA:89,0
DA:90,0
DA:91,0
DA:92,0
DA:93,0
DA:97,0
DA:98,0
DA:99,0
DA:100,0
DA:101,0
DA:106,0
LF:54
LH:0
BRDA:14,0,0,0
BRDA:14,0,1,0
BRDA:43,1,0,0
BRDA:43,1,1,0
BRF:4
BRH:0
end_of_record
TN:
SF:src/config/database.ts
FN:3,(anonymous_1)
FN:25,(anonymous_2)
FN:29,(anonymous_3)
FN:33,(anonymous_4)
FN:38,(anonymous_5)
FN:51,(anonymous_6)
FNF:6
FNH:3
FNDA:7,(anonymous_1)
FNDA:0,(anonymous_2)
FNDA:7,(anonymous_3)
FNDA:0,(anonymous_4)
FNDA:0,(anonymous_5)
FNDA:7,(anonymous_6)
DA:1,7
DA:3,7
DA:4,7
DA:5,7
DA:7,7
DA:8,0
DA:12,7
DA:20,7
DA:22,7
DA:25,7
DA:26,0
DA:29,7
DA:30,7
DA:33,7
DA:34,0
DA:38,7
DA:39,0
DA:40,0
DA:41,0
DA:45,0
DA:46,0
DA:51,7
DA:52,7
DA:53,7
DA:54,7
DA:56,0
DA:57,0
LF:27
LH:17
BRDA:7,0,0,0
BRDA:7,0,1,7
BRF:2
BRH:1
end_of_record
TN:
SF:src/config/firebase.ts
FN:5,(anonymous_1)
FN:52,(anonymous_2)
FN:60,(anonymous_3)
FN:68,(anonymous_4)
FN:110,(anonymous_5)
FN:148,(anonymous_6)
FN:163,(anonymous_7)
FN:200,(anonymous_8)
FN:222,(anonymous_9)
FNF:9
FNH:0
FNDA:0,(anonymous_1)
FNDA:0,(anonymous_2)
FNDA:0,(anonymous_3)
FNDA:0,(anonymous_4)
FNDA:0,(anonymous_5)
FNDA:0,(anonymous_6)
FNDA:0,(anonymous_7)
FNDA:0,(anonymous_8)
FNDA:0,(anonymous_9)
DA:1,6
DA:3,6
DA:5,6
DA:6,0
DA:8,0
DA:9,0
DA:13,0
DA:14,0
DA:16,0
DA:17,0
DA:25,0
DA:26,0
DA:29,0
DA:30,0
DA:31,0
DA:33,0
DA:37,0
DA:42,0
DA:44,0
DA:46,0
DA:47,0
DA:52,6
DA:53,0
DA:54,0
DA:56,0
DA:60,6
DA:61,0
DA:62,0
DA:64,0
DA:68,6
DA:76,0
DA:77,0
DA:79,0
DA:100,0
DA:101,0
DA:102,0
DA:104,0
DA:105,0
DA:110,6
DA:118,0
DA:119,0
DA:121,0
DA:142,0
DA:144,0
DA:147,0
DA:148,0
DA:149,0
DA:150,0
DA:155,0
DA:157,0
DA:158,0
DA:163,6
DA:171,0
DA:172,0
DA:174,0
DA:190,0
DA:191,0
DA:192,0
DA:194,0
DA:195,0
DA:200,6
DA:204,0
DA:205,0
DA:206,0
DA:208,0
DA:210,0
DA:211,0
DA:214,0
DA:216,0
DA:217,0
DA:222,6
DA:226,0
DA:227,0
DA:228,0
DA:230,0
DA:232,0
DA:234,0
DA:235,0
DA:239,6
LF:79
LH:11
BRDA:8,0,0,0
BRDA:8,0,1,0
BRDA:16,1,0,0
BRDA:16,1,1,0
BRDA:16,2,0,0
BRDA:16,2,1,0
BRDA:25,3,0,0
BRDA:25,3,1,0
BRDA:29,4,0,0
BRDA:29,4,1,0
BRDA:53,5,0,0
BRDA:53,5,1,0
BRDA:61,6,0,0
BRDA:61,6,1,0
BRDA:147,7,0,0
BRDA:147,7,1,0
BRDA:149,8,0,0
BRDA:149,8,1,0
BRDA:210,9,0,0
BRDA:210,9,1,0
BRF:20
BRH:0
end_of_record
TN:
SF:src/config/socket.ts
FN:12,(anonymous_1)
FN:24,(anonymous_2)
FN:50,(anonymous_3)
FN:58,(anonymous_4)
FN:68,(anonymous_5)
FN:86,(anonymous_6)
FN:105,(anonymous_7)
FN:113,(anonymous_8)
FN:122,(anonymous_9)
FN:132,(anonymous_10)
FN:140,(anonymous_11)
FN:146,(anonymous_12)
FN:161,(anonymous_13)
FN:167,(anonymous_14)
FN:181,(anonymous_15)
FN:194,(anonymous_16)
FN:207,(anonymous_17)
FN:226,(anonymous_18)
FN:243,(anonymous_19)
FN:257,(anonymous_20)
FN:269,(anonymous_21)
FN:274,(anonymous_22)
FNF:22
FNH:6
FNDA:6,(anonymous_1)
FNDA:0,(anonymous_2)
FNDA:0,(anonymous_3)
FNDA:0,(anonymous_4)
FNDA:0,(anonymous_5)
FNDA:0,(anonymous_6)
FNDA:0,(anonymous_7)
FNDA:0,(anonymous_8)
FNDA:0,(anonymous_9)
FNDA:0,(anonymous_10)
FNDA:0,(anonymous_11)
FNDA:0,(anonymous_12)
FNDA:3,(anonymous_13)
FNDA:4,(anonymous_14)
FNDA:0,(anonymous_15)
FNDA:0,(anonymous_16)
FNDA:2,(anonymous_17)
FNDA:0,(anonymous_18)
FNDA:3,(anonymous_19)
FNDA:4,(anonymous_20)
FNDA:0,(anonymous_21)
FNDA:0,(anonymous_22)
DA:1,8
DA:3,8
DA:10,8
DA:12,8
DA:13,6
DA:24,6
DA:25,0
DA:26,0
DA:28,0
DA:29,0
DA:32,0
DA:33,0
DA:34,0
DA:38,0
DA:39,0
DA:41,0
DA:42,0
DA:44,0
DA:45,0
DA:50,6
DA:51,0
DA:52,0
DA:56,0
DA:58,0
DA:59,0
DA:60,0
DA:68,0
DA:69,0
DA:70,0
DA:72,0
DA:77,0
DA:78,0
DA:86,0
DA:87,0
DA:88,0
DA:90,0
DA:95,0
DA:96,0
DA:105,0
DA:106,0
DA:107,0
DA:113,0
DA:114,0
DA:115,0
DA:122,0
DA:123,0
DA:124,0
DA:125,0
DA:126,0
DA:132,0
DA:133,0
DA:134,0
DA:135,0
DA:140,0
DA:141,0
DA:146,0
DA:147,0
DA:151,6
DA:152,6
DA:160,8
DA:161,3
DA:173,4
DA:174,4
DA:182,0
DA:187,0
DA:195,0
DA:199,0
DA:214,2
DA:215,2
DA:216,2
DA:217,2
DA:218,2
DA:231,0
DA:232,0
DA:233,0
DA:234,0
DA:235,0
DA:236,0
DA:249,3
DA:250,3
DA:262,4
DA:263,4
DA:270,0
DA:271,0
DA:272,0
DA:273,0
DA:274,0
DA:276,0
DA:278,0
DA:281,0
DA:282,0
DA:286,8
LF:92
LH:23
BRDA:15,0,0,6
BRDA:15,0,1,6
BRDA:28,1,0,0
BRDA:28,1,1,0
BRDA:33,2,0,0
BRDA:33,2,1,0
BRDA:194,3,0,0
BRDA:269,4,0,0
BRDA:271,5,0,0
BRDA:271,5,1,0
BRDA:272,6,0,0
BRDA:272,6,1,0
BRF:12
BRH:2
end_of_record
TN:
SF:src/controllers/auth.controller.ts
FN:16,(anonymous_10)
FN:86,(anonymous_11)
FN:156,(anonymous_12)
FN:253,(anonymous_13)
FN:282,(anonymous_14)
FN:321,(anonymous_15)
FN:366,(anonymous_16)
FNF:7
FNH:7
FNDA:5,(anonymous_10)
FNDA:4,(anonymous_11)
FNDA:2,(anonymous_12)
FNDA:4,(anonymous_13)
FNDA:3,(anonymous_14)
FNDA:5,(anonymous_15)
FNDA:6,(anonymous_16)
DA:2,10
DA:3,10
DA:4,10
DA:6,10
DA:8,10
DA:9,10
DA:11,10
DA:17,5
DA:18,5
DA:20,5
DA:21,1
DA:25,1
DA:29,4
DA:32,2
DA:33,1
DA:34,0
DA:38,0
DA:42,1
DA:45,0
DA:46,0
DA:47,0
DA:51,0
DA:54,0
DA:65,0
DA:76,0
DA:78,4
DA:87,4
DA:88,4
DA:90,4
DA:91,1
DA:95,1
DA:99,3
DA:102,1
DA:103,0
DA:104,0
DA:108,0
DA:112,0
DA:115,0
DA:116,0
DA:117,0
DA:121,0
DA:124,0
DA:135,0
DA:146,0
DA:148,3
DA:157,2
DA:158,2
DA:160,2
DA:161,1
DA:165,1
DA:169,1
DA:174,0
DA:176,0
DA:177,0
DA:181,0
DA:184,0
DA:187,0
DA:189,0
DA:191,0
DA:203,0
DA:206,0
DA:207,0
DA:208,0
DA:212,0
DA:213,0
DA:214,0
DA:218,0
DA:221,0
DA:232,0
DA:243,0
DA:245,1
DA:254,4
DA:255,4
DA:256,0
DA:260,0
DA:263,4
DA:265,3
DA:266,2
DA:267,2
DA:270,2
DA:274,2
DA:283,3
DA:284,3
DA:285,0
DA:289,0
DA:292,3
DA:294,2
DA:295,1
DA:299,1
DA:302,1
DA:313,1
DA:322,5
DA:323,5
DA:324,0
DA:328,0
DA:331,5
DA:333,5
DA:334,1
DA:338,1
DA:341,4
DA:343,3
DA:344,1
DA:348,1
DA:351,2
DA:352,2
DA:354,1
DA:358,2
DA:367,6
DA:368,6
DA:369,0
DA:373,0
DA:376,6
DA:378,5
DA:379,1
DA:383,1
DA:386,4
DA:387,2
DA:391,2
DA:394,2
DA:396,1
DA:400,2
DA:405,10
LF:122
LH:75
BRDA:20,0,0,1
BRDA:20,0,1,4
BRDA:33,1,0,0
BRDA:33,1,1,1
BRDA:46,2,0,0
BRDA:46,2,1,0
BRDA:90,3,0,1
BRDA:90,3,1,3
BRDA:103,4,0,0
BRDA:103,4,1,0
BRDA:116,5,0,0
BRDA:116,5,1,0
BRDA:160,6,0,1
BRDA:160,6,1,1
BRDA:176,7,0,0
BRDA:176,7,1,0
BRDA:176,8,0,0
BRDA:176,8,1,0
BRDA:176,8,2,0
BRDA:189,9,0,0
BRDA:189,9,1,0
BRDA:194,10,0,0
BRDA:194,10,1,0
BRDA:195,11,0,0
BRDA:195,11,1,0
BRDA:213,12,0,0
BRDA:213,12,1,0
BRDA:255,13,0,0
BRDA:255,13,1,4
BRDA:265,14,0,2
BRDA:265,14,1,1
BRDA:284,15,0,0
BRDA:284,15,1,3
BRDA:294,16,0,1
BRDA:294,16,1,1
BRDA:323,17,0,0
BRDA:323,17,1,5
BRDA:333,18,0,1
BRDA:333,18,1,4
BRDA:343,19,0,1
BRDA:343,19,1,2
BRDA:368,20,0,0
BRDA:368,20,1,6
BRDA:378,21,0,1
BRDA:378,21,1,4
BRDA:386,22,0,2
BRDA:386,22,1,2
BRDA:386,23,0,4
BRDA:386,23,1,3
BRF:49
BRH:25
end_of_record
TN:
SF:src/controllers/group.controller.ts
FN:10,(anonymous_1)
FN:51,(anonymous_2)
FN:99,(anonymous_3)
FNF:3
FNH:3
FNDA:8,(anonymous_1)
FNDA:15,(anonymous_2)
FNDA:15,(anonymous_3)
DA:3,10
DA:5,10
DA:11,8
DA:12,8
DA:14,8
DA:15,0
DA:20,0
DA:24,8
DA:26,5
DA:27,2
DA:32,2
DA:35,3
DA:37,3
DA:43,3
DA:52,15
DA:53,15
DA:54,15
DA:55,15
DA:57,15
DA:58,0
DA:63,0
DA:66,15
DA:67,1
DA:72,1
DA:75,14
DA:82,6
DA:91,8
DA:100,15
DA:101,15
DA:102,15
DA:104,15
DA:105,0
DA:110,0
DA:113,15
DA:115,6
DA:121,9
DA:126,10
LF:37
LH:31
BRDA:14,0,0,0
BRDA:14,0,1,8
BRDA:26,1,0,2
BRDA:26,1,1,3
BRDA:57,2,0,0
BRDA:57,2,1,15
BRDA:66,3,0,1
BRDA:66,3,1,14
BRDA:104,4,0,0
BRDA:104,4,1,15
BRF:10
BRH:7
end_of_record
TN:
SF:src/controllers/matching.controller.ts
FN:10,(anonymous_1)
FN:45,(anonymous_2)
FN:75,(anonymous_3)
FN:105,(anonymous_4)
FN:125,(anonymous_5)
FNF:5
FNH:5
FNDA:11,(anonymous_1)
FNDA:1,(anonymous_2)
FNDA:8,(anonymous_3)
FNDA:5,(anonymous_4)
FNDA:4,(anonymous_5)
DA:3,10
DA:5,10
DA:11,11
DA:12,11
DA:23,11
DA:25,11
DA:31,3
DA:37,8
DA:46,1
DA:48,1
DA:61,1
DA:67,0
DA:76,8
DA:77,8
DA:78,8
DA:89,8
DA:91,4
DA:97,4
DA:106,5
DA:107,5
DA:109,5
DA:111,1
DA:117,4
DA:126,4
DA:127,4
DA:129,4
DA:131,1
DA:140,3
DA:145,10
LF:29
LH:28
BRF:0
BRH:0
end_of_record
TN:
SF:src/controllers/restaurant.controller.ts
FN:10,(anonymous_1)
FN:51,(anonymous_2)
FN:72,(anonymous_3)
FNF:3
FNH:3
FNDA:21,(anonymous_1)
FNDA:8,(anonymous_2)
FNDA:10,(anonymous_3)
DA:3,10
DA:5,10
DA:11,21
DA:12,21
DA:14,21
DA:15,4
DA:20,4
DA:23,17
DA:24,17
DA:25,17
DA:26,17
DA:27,17
DA:29,17
DA:37,14
DA:43,3
DA:52,8
DA:53,8
DA:55,8
DA:57,6
DA:63,2
DA:73,10
DA:74,10
DA:75,10
DA:77,10
DA:78,4
DA:83,4
DA:86,6
DA:91,6
DA:97,0
DA:102,10
LF:30
LH:29
BRDA:14,0,0,4
BRDA:14,0,1,17
BRDA:14,1,0,21
BRDA:14,1,1,19
BRDA:25,2,0,1
BRDA:25,2,1,16
BRDA:26,3,0,1
BRDA:26,3,1,16
BRDA:27,4,0,2
BRDA:27,4,1,15
BRDA:77,5,0,4
BRDA:77,5,1,6
BRDA:77,6,0,10
BRDA:77,6,1,8
BRF:14
BRH:14
end_of_record
TN:
SF:src/controllers/user.controller.ts
FN:12,(anonymous_0)
FN:15,(anonymous_1)
FN:33,(anonymous_2)
FN:62,(anonymous_3)
FN:98,(anonymous_4)
FN:137,(anonymous_5)
FN:176,(anonymous_6)
FNF:7
FNH:7
FNDA:9,(anonymous_0)
FNDA:13,(anonymous_1)
FNDA:5,(anonymous_2)
FNDA:7,(anonymous_3)
FNDA:5,(anonymous_4)
FNDA:5,(anonymous_5)
FNDA:10,(anonymous_6)
DA:3,10
DA:5,10
DA:7,10
DA:13,9
DA:14,9
DA:15,13
DA:17,9
DA:19,5
DA:25,4
DA:34,5
DA:35,5
DA:46,5
DA:48,1
DA:54,4
DA:63,7
DA:64,7
DA:75,7
DA:77,7
DA:84,3
DA:90,4
DA:99,5
DA:100,5
DA:111,5
DA:113,5
DA:123,3
DA:129,2
DA:138,5
DA:139,5
DA:150,5
DA:152,5
DA:162,2
DA:168,3
DA:177,10
DA:178,10
DA:179,10
DA:182,10
DA:183,1
DA:188,1
DA:191,9
DA:193,1
DA:199,8
DA:204,10
LF:42
LH:42
BRDA:182,0,0,1
BRDA:182,0,1,9
BRF:2
BRH:2
end_of_record
TN:
SF:src/middleware/auth.middleware.ts
FN:13,(anonymous_1)
FN:81,(anonymous_2)
FNF:2
FNH:2
FNDA:147,(anonymous_1)
FNDA:29,(anonymous_2)
DA:2,10
DA:13,10
DA:18,147
DA:20,147
DA:22,147
DA:23,17
DA:27,17
DA:31,130
DA:34,130
DA:35,130
DA:36,0
DA:37,0
DA:41,0
DA:45,130
DA:48,127
DA:54,127
DA:56,3
DA:57,3
DA:61,3
DA:64,0
DA:65,0
DA:69,0
DA:72,0
DA:73,0
DA:81,10
DA:86,29
DA:87,29
DA:89,29
DA:90,19
DA:91,19
DA:93,19
DA:94,19
DA:95,19
DA:103,29
DA:106,0
LF:35
LH:26
BRDA:22,0,0,17
BRDA:22,0,1,130
BRDA:22,1,0,147
BRDA:22,1,1,130
BRDA:35,2,0,0
BRDA:35,2,1,130
BRDA:56,3,0,3
BRDA:56,3,1,0
BRDA:64,4,0,0
BRDA:64,4,1,0
BRDA:89,5,0,19
BRDA:89,5,1,10
BRDA:89,6,0,29
BRDA:89,6,1,19
BRDA:93,7,0,19
BRDA:93,7,1,0
BRF:16
BRH:11
end_of_record
TN:
SF:src/middleware/errorHandler.ts
FN:7,(anonymous_0)
FN:16,(anonymous_1)
FN:69,(anonymous_2)
FN:82,(anonymous_3)
FN:85,(anonymous_4)
FNF:5
FNH:2
FNDA:13,(anonymous_0)
FNDA:84,(anonymous_1)
FNDA:0,(anonymous_2)
FNDA:0,(anonymous_3)
FNDA:0,(anonymous_4)
DA:4,10
DA:8,13
DA:9,13
DA:11,13
DA:16,10
DA:23,84
DA:24,84
DA:27,84
DA:28,7
DA:29,7
DA:30,77
DA:32,3
DA:33,3
DA:34,74
DA:36,7
DA:37,7
DA:38,67
DA:40,0
DA:41,0
DA:42,67
DA:43,67
DA:47,84
DA:57,84
DA:69,10
DA:74,0
DA:78,0
DA:82,10
DA:85,0
DA:86,0
LF:29
LH:23
BRDA:27,0,0,7
BRDA:27,0,1,77
BRDA:30,1,0,3
BRDA:30,1,1,74
BRDA:34,2,0,7
BRDA:34,2,1,67
BRDA:38,3,0,0
BRDA:38,3,1,67
BRDA:38,4,0,67
BRDA:38,4,1,0
BRDA:42,5,0,67
BRDA:42,5,1,0
BRDA:58,6,0,84
BRDA:58,6,1,0
BRDA:61,7,0,84
BRDA:61,7,1,0
BRF:16
BRH:11
end_of_record
TN:
SF:src/models/CredibilityLog.ts
FN:4,(anonymous_9)
FN:98,(anonymous_10)
FN:105,(anonymous_11)
FN:117,(anonymous_12)
FN:128,(anonymous_13)
FNF:5
FNH:0
FNDA:0,(anonymous_9)
FNDA:0,(anonymous_10)
FNDA:0,(anonymous_11)
FNDA:0,(anonymous_12)
FNDA:0,(anonymous_13)
DA:1,0
DA:4,0
DA:5,0
DA:6,0
DA:7,0
DA:8,0
DA:9,0
DA:10,0
DA:43,0
DA:91,0
DA:92,0
DA:93,0
DA:94,0
DA:95,0
DA:98,0
DA:99,0
DA:103,0
DA:106,0
DA:107,0
DA:108,0
DA:112,0
DA:117,0
DA:121,0
DA:128,0
DA:131,0
DA:132,0
DA:134,0
DA:141,0
DA:146,0
LF:29
LH:0
BRDA:4,0,0,0
BRDA:4,0,1,0
BRDA:119,1,0,0
BRDA:129,2,0,0
BRF:4
BRH:0
end_of_record
TN:
SF:src/models/Group.ts
FN:118,(anonymous_9)
FN:125,(anonymous_10)
FN:143,(anonymous_11)
FN:158,(anonymous_12)
FN:168,(anonymous_13)
FN:173,(anonymous_14)
FN:177,(anonymous_15)
FN:188,(anonymous_16)
FN:193,(anonymous_17)
FN:194,(anonymous_18)
FN:199,(anonymous_19)
FN:206,(anonymous_20)
FNF:12
FNH:7
FNDA:0,(anonymous_9)
FNDA:0,(anonymous_10)
FNDA:13,(anonymous_11)
FNDA:10,(anonymous_12)
FNDA:0,(anonymous_13)
FNDA:6,(anonymous_14)
FNDA:6,(anonymous_15)
FNDA:12,(anonymous_16)
FNDA:10,(anonymous_17)
FNDA:17,(anonymous_18)
FNDA:0,(anonymous_19)
FNDA:0,(anonymous_20)
DA:1,10
DA:50,10
DA:63,10
DA:118,10
DA:119,0
DA:123,10
DA:126,0
DA:127,0
DA:129,0
DA:138,10
DA:143,10
DA:145,13
DA:146,13
DA:147,1
DA:148,1
DA:152,13
DA:153,13
DA:154,13
DA:158,10
DA:159,10
DA:160,10
DA:161,2
DA:162,2
DA:163,2
DA:168,10
DA:169,0
DA:173,10
DA:174,6
DA:175,6
DA:177,6
DA:178,6
DA:179,6
DA:180,6
DA:184,6
DA:188,10
DA:189,12
DA:193,10
DA:194,17
DA:195,10
DA:199,10
DA:200,0
DA:206,10
DA:207,0
DA:214,10
DA:216,10
LF:45
LH:38
BRDA:132,0,0,0
BRDA:132,0,1,0
BRDA:133,1,0,0
BRDA:133,1,1,0
BRDA:146,2,0,1
BRDA:146,2,1,12
BRDA:147,3,0,1
BRDA:147,3,1,0
BRDA:153,4,0,13
BRDA:153,4,1,11
BRDA:160,5,0,2
BRDA:160,5,1,8
BRDA:162,6,0,2
BRDA:162,6,1,0
BRDA:169,7,0,0
BRDA:169,7,1,0
BRDA:178,8,0,6
BRDA:178,8,1,0
BRF:18
BRH:9
end_of_record
TN:
SF:src/models/Restaurant.ts
FNF:0
FNH:0
DA:1,1
DA:31,1
DA:100,1
DA:101,1
DA:102,1
DA:103,1
DA:105,1
LF:7
LH:7
BRF:0
BRH:0
end_of_record
TN:
SF:src/models/Room.ts
FN:4,(anonymous_9)
FN:62,(anonymous_10)
FN:100,(anonymous_11)
FN:107,(anonymous_12)
FN:119,(anonymous_13)
FN:124,(anonymous_14)
FN:129,(anonymous_15)
FN:136,(anonymous_16)
FN:137,(anonymous_17)
FN:141,(anonymous_18)
FN:146,(anonymous_19)
FN:154,(anonymous_20)
FN:162,(anonymous_21)
FNF:13
FNH:6
FNDA:10,(anonymous_9)
FNDA:10,(anonymous_10)
FNDA:3,(anonymous_11)
FNDA:3,(anonymous_12)
FNDA:0,(anonymous_13)
FNDA:10,(anonymous_14)
FNDA:0,(anonymous_15)
FNDA:0,(anonymous_16)
FNDA:0,(anonymous_17)
FNDA:0,(anonymous_18)
FNDA:0,(anonymous_19)
FNDA:0,(anonymous_20)
FNDA:10,(anonymous_21)
DA:1,10
DA:4,10
DA:5,10
DA:6,10
DA:7,10
DA:44,10
DA:63,10
DA:100,10
DA:101,3
DA:105,10
DA:108,3
DA:109,3
DA:110,3
DA:114,10
DA:119,10
DA:120,0
DA:124,10
DA:125,10
DA:129,10
DA:130,0
DA:131,0
DA:136,10
DA:137,0
DA:141,10
DA:142,0
DA:146,10
DA:147,0
DA:154,10
DA:155,0
DA:162,10
DA:163,10
DA:164,0
DA:166,10
DA:170,10
DA:172,10
LF:35
LH:27
BRDA:4,0,0,10
BRDA:4,0,1,10
BRDA:130,1,0,0
BRDA:130,1,1,0
BRDA:130,2,0,0
BRDA:130,2,1,0
BRDA:163,3,0,0
BRDA:163,3,1,10
BRDA:163,4,0,10
BRDA:163,4,1,0
BRF:10
BRH:4
end_of_record
TN:
SF:src/models/User.ts
FN:4,(anonymous_9)
FN:90,(anonymous_10)
FN:150,(anonymous_11)
FN:159,(anonymous_12)
FN:171,(anonymous_13)
FN:182,(anonymous_14)
FN:187,(anonymous_15)
FN:192,(anonymous_16)
FNF:8
FNH:3
FNDA:10,(anonymous_9)
FNDA:78,(anonymous_10)
FNDA:0,(anonymous_11)
FNDA:0,(anonymous_12)
FNDA:0,(anonymous_13)
FNDA:0,(anonymous_14)
FNDA:0,(anonymous_15)
FNDA:46,(anonymous_16)
DA:1,10
DA:4,10
DA:5,10
DA:6,10
DA:7,10
DA:8,10
DA:57,10
DA:91,78
DA:150,10
DA:151,0
DA:157,10
DA:160,0
DA:161,0
DA:162,0
DA:166,10
DA:171,10
DA:172,0
DA:182,10
DA:183,0
DA:187,10
DA:188,0
DA:192,10
DA:193,46
DA:194,0
DA:197,46
DA:198,0
DA:201,46
DA:202,12
DA:205,46
DA:206,0
DA:209,46
DA:213,10
DA:215,10
LF:33
LH:23
BRDA:4,0,0,10
BRDA:4,0,1,10
BRDA:183,1,0,0
BRDA:183,1,1,0
BRDA:183,1,2,0
BRDA:193,2,0,0
BRDA:193,2,1,46
BRDA:193,3,0,46
BRDA:193,3,1,3
BRDA:197,4,0,0
BRDA:197,4,1,46
BRDA:197,5,0,46
BRDA:197,5,1,0
BRDA:201,6,0,12
BRDA:201,6,1,34
BRDA:201,7,0,46
BRDA:201,7,1,43
BRDA:205,8,0,0
BRDA:205,8,1,46
BRDA:205,9,0,46
BRDA:205,9,1,46
BRF:21
BRH:14
end_of_record
TN:
SF:src/routes/auth.routes.ts
FNF:0
FNH:0
DA:1,10
DA:2,10
DA:3,10
DA:5,10
DA:8,10
DA:9,10
DA:10,10
DA:13,10
DA:14,10
DA:15,10
DA:17,10
DA:19,10
LF:12
LH:12
BRF:0
BRH:0
end_of_record
TN:
SF:src/routes/group.routes.ts
FNF:0
FNH:0
DA:1,10
DA:2,10
DA:3,10
DA:5,10
DA:12,10
DA:19,10
DA:26,10
DA:28,10
LF:8
LH:8
BRF:0
BRH:0
end_of_record
TN:
SF:src/routes/matching.routes.ts
FNF:0
FNH:0
DA:1,10
DA:2,10
DA:3,10
DA:5,10
DA:12,10
DA:19,10
DA:26,10
DA:33,10
DA:40,10
DA:42,10
LF:10
LH:10
BRF:0
BRH:0
end_of_record
TN:
SF:src/routes/restaurant.routes.ts
FNF:0
FNH:0
DA:1,10
DA:2,10
DA:3,10
DA:5,10
DA:12,10
DA:21,10
DA:28,10
DA:30,10
LF:8
LH:8
BRF:0
BRH:0
end_of_record
TN:
SF:src/routes/user.routes.ts
FNF:0
FNH:0
DA:1,10
DA:2,10
DA:3,10
DA:5,10
DA:12,10
DA:19,10
DA:26,10
DA:33,10
DA:40,10
DA:47,10
DA:49,10
LF:11
LH:11
BRF:0
BRH:0
end_of_record
TN:
SF:src/services/authService.ts
FN:10,(anonymous_10)
FN:17,(anonymous_11)
FN:47,(anonymous_12)
FN:79,(anonymous_13)
FN:128,(anonymous_14)
FN:151,(anonymous_15)
FN:178,(anonymous_16)
FN:190,(anonymous_17)
FN:204,(anonymous_18)
FNF:9
FNH:9
FNDA:32,(anonymous_10)
FNDA:2,(anonymous_11)
FNDA:2,(anonymous_12)
FNDA:2,(anonymous_13)
FNDA:3,(anonymous_14)
FNDA:4,(anonymous_15)
FNDA:2,(anonymous_16)
FNDA:2,(anonymous_17)
FNDA:3,(anonymous_18)
DA:1,9
DA:2,9
DA:3,9
DA:4,9
DA:5,9
DA:7,9
DA:11,32
DA:18,2
DA:19,2
DA:20,2
DA:23,0
DA:25,0
DA:30,0
DA:31,0
DA:32,0
DA:34,0
DA:35,0
DA:37,0
DA:39,0
DA:40,0
DA:53,2
DA:54,2
DA:59,0
DA:61,0
DA:62,0
DA:65,0
DA:72,2
DA:85,2
DA:88,2
DA:89,2
DA:90,2
DA:93,2
DA:95,1
DA:107,1
DA:110,1
DA:112,1
DA:113,0
DA:114,0
DA:115,1
DA:116,1
DA:118,1
DA:119,1
DA:122,2
DA:129,3
DA:131,3
DA:132,1
DA:135,2
DA:145,2
DA:156,4
DA:158,4
DA:159,0
DA:162,4
DA:163,4
DA:169,2
DA:171,2
DA:179,2
DA:181,2
DA:182,1
DA:183,1
DA:191,2
DA:193,2
DA:194,1
DA:197,1
DA:198,1
DA:205,3
DA:207,3
DA:208,1
DA:212,2
DA:213,1
DA:216,1
DA:220,9
LF:71
LH:54
BRDA:19,0,0,2
BRDA:19,0,1,0
BRDA:19,1,0,2
BRDA:19,1,1,2
BRDA:32,2,0,0
BRDA:32,2,1,0
BRDA:61,3,0,0
BRDA:61,3,1,0
BRDA:61,4,0,0
BRDA:61,4,1,0
BRDA:61,4,2,0
BRDA:68,5,0,0
BRDA:68,5,1,0
BRDA:89,6,0,2
BRDA:89,6,1,0
BRDA:93,7,0,1
BRDA:93,7,1,1
BRDA:112,8,0,0
BRDA:112,8,1,1
BRDA:112,9,0,1
BRDA:112,9,1,1
BRDA:112,9,2,1
BRDA:115,10,0,1
BRDA:115,10,1,0
BRDA:115,11,0,1
BRDA:115,11,1,1
BRDA:131,12,0,1
BRDA:131,12,1,2
BRDA:158,13,0,0
BRDA:158,13,1,4
BRDA:181,14,0,1
BRDA:181,14,1,1
BRDA:193,15,0,1
BRDA:193,15,1,1
BRDA:207,16,0,1
BRDA:207,16,1,2
BRDA:212,17,0,1
BRDA:212,17,1,1
BRDA:212,18,0,2
BRDA:212,18,1,2
BRF:40
BRH:26
end_of_record
TN:
SF:src/services/credibilityService.ts
FN:4,(anonymous_10)
FN:18,(anonymous_11)
FN:72,(anonymous_12)
FN:88,(anonymous_13)
FN:104,(anonymous_14)
FN:120,(anonymous_15)
FN:136,(anonymous_16)
FN:147,(anonymous_17)
FN:162,(anonymous_18)
FN:163,(anonymous_19)
FN:167,(anonymous_20)
FN:185,(anonymous_21)
FN:192,(anonymous_22)
FNF:13
FNH:0
FNDA:0,(anonymous_10)
FNDA:0,(anonymous_11)
FNDA:0,(anonymous_12)
FNDA:0,(anonymous_13)
FNDA:0,(anonymous_14)
FNDA:0,(anonymous_15)
FNDA:0,(anonymous_16)
FNDA:0,(anonymous_17)
FNDA:0,(anonymous_18)
FNDA:0,(anonymous_19)
FNDA:0,(anonymous_20)
FNDA:0,(anonymous_21)
FNDA:0,(anonymous_22)
DA:1,0
DA:2,0
DA:4,0
DA:6,0
DA:29,0
DA:31,0
DA:32,0
DA:35,0
DA:36,0
DA:37,0
DA:40,0
DA:43,0
DA:44,0
DA:47,0
DA:58,0
DA:62,0
DA:76,0
DA:92,0
DA:108,0
DA:124,0
DA:140,0
DA:141,0
DA:154,0
DA:156,0
DA:157,0
DA:160,0
DA:162,0
DA:163,0
DA:166,0
DA:167,0
DA:169,0
DA:170,0
DA:171,0
DA:173,0
DA:186,0
DA:197,0
DA:199,0
DA:200,0
DA:203,0
DA:204,0
DA:206,0
DA:207,0
DA:210,0
DA:219,0
DA:223,0
LF:45
LH:0
BRDA:31,0,0,0
BRDA:31,0,1,0
BRDA:138,1,0,0
BRDA:156,2,0,0
BRDA:156,2,1,0
BRDA:170,3,0,0
BRDA:170,3,1,0
BRDA:171,4,0,0
BRDA:171,4,1,0
BRDA:185,5,0,0
BRDA:199,6,0,0
BRDA:199,6,1,0
BRF:12
BRH:0
end_of_record
TN:
SF:src/services/groupService.ts
FN:11,(anonymous_10)
FN:33,(anonymous_11)
FN:46,(anonymous_12)
FN:79,(anonymous_13)
FN:162,(anonymous_14)
FN:217,(anonymous_15)
FN:263,(anonymous_16)
FN:276,(anonymous_17)
FN:301,(anonymous_18)
FN:318,(anonymous_19)
FNF:10
FNH:7
FNDA:3,(anonymous_10)
FNDA:3,(anonymous_11)
FNDA:14,(anonymous_12)
FNDA:8,(anonymous_13)
FNDA:15,(anonymous_14)
FNDA:1,(anonymous_15)
FNDA:8,(anonymous_16)
FNDA:0,(anonymous_17)
FNDA:0,(anonymous_18)
FNDA:0,(anonymous_19)
DA:1,10
DA:2,10
DA:3,10
DA:4,10
DA:7,10
DA:12,3
DA:14,3
DA:15,0
DA:18,3
DA:34,3
DA:35,1
DA:37,2
DA:38,1
DA:40,1
DA:52,14
DA:54,12
DA:55,1
DA:59,11
DA:60,1
DA:64,10
DA:65,1
DA:69,9
DA:72,9
DA:73,9
DA:75,9
DA:78,7
DA:79,7
DA:80,8
DA:93,7
DA:94,7
DA:102,2
DA:108,7
DA:109,4
DA:111,4
DA:113,4
DA:114,4
DA:116,4
DA:117,4
DA:120,3
DA:121,3
DA:128,1
DA:139,3
DA:140,3
DA:146,3
DA:149,3
DA:153,6
DA:163,15
DA:165,13
DA:166,1
DA:169,12
DA:170,11
DA:171,1
DA:175,10
DA:178,10
DA:179,10
DA:180,10
DA:182,9
DA:184,3
DA:185,2
DA:187,6
DA:197,5
DA:198,5
DA:205,1
DA:209,5
DA:210,2
DA:212,2
DA:213,2
DA:214,2
DA:216,1
DA:217,1
DA:218,1
DA:234,1
DA:235,1
DA:242,0
DA:246,1
DA:247,1
DA:253,1
DA:264,8
DA:266,7
DA:267,2
DA:270,5
DA:277,0
DA:279,0
DA:280,0
DA:284,0
DA:293,0
DA:295,0
DA:302,0
DA:307,0
DA:309,0
DA:311,0
DA:312,0
DA:313,0
DA:316,0
DA:317,0
DA:318,0
DA:319,0
DA:322,0
DA:329,0
DA:339,0
DA:342,0
DA:344,0
DA:353,0
DA:359,10
LF:104
LH:80
BRDA:14,0,0,0
BRDA:14,0,1,3
BRDA:25,1,0,3
BRDA:25,1,1,1
BRDA:34,2,0,1
BRDA:34,2,1,2
BRDA:37,3,0,1
BRDA:37,3,1,1
BRDA:54,4,0,1
BRDA:54,4,1,11
BRDA:59,5,0,1
BRDA:59,5,1,10
BRDA:64,6,0,1
BRDA:64,6,1,9
BRDA:108,7,0,4
BRDA:108,7,1,3
BRDA:111,8,0,4
BRDA:111,8,1,0
BRDA:113,9,0,4
BRDA:113,9,1,0
BRDA:124,10,0,3
BRDA:124,10,1,0
BRDA:142,11,0,3
BRDA:142,11,1,0
BRDA:165,12,0,1
BRDA:165,12,1,12
BRDA:170,13,0,1
BRDA:170,13,1,10
BRDA:182,14,0,3
BRDA:182,14,1,6
BRDA:209,15,0,2
BRDA:209,15,1,3
BRDA:209,16,0,5
BRDA:209,16,1,2
BRDA:212,17,0,2
BRDA:212,17,1,0
BRDA:212,18,0,2
BRDA:212,18,1,2
BRDA:266,19,0,2
BRDA:266,19,1,5
BRDA:266,20,0,7
BRDA:266,20,1,7
BRDA:279,21,0,0
BRDA:279,21,1,0
BRDA:311,22,0,0
BRDA:311,22,1,0
BRDA:311,23,0,0
BRDA:311,23,1,0
BRDA:316,24,0,0
BRDA:316,24,1,0
BRF:50
BRH:36
end_of_record
TN:
SF:src/services/matchingService.ts
FN:7,(anonymous_10)
FN:17,(anonymous_11)
FN:34,(anonymous_12)
FN:58,(anonymous_13)
FN:76,(anonymous_14)
FN:180,(anonymous_15)
FN:183,(anonymous_16)
FN:184,(anonymous_17)
FN:193,(anonymous_18)
FN:219,(anonymous_19)
FN:258,(anonymous_20)
FN:311,(anonymous_21)
FN:329,(anonymous_22)
FN:341,(anonymous_23)
FNF:14
FNH:11
FNDA:10,(anonymous_10)
FNDA:5,(anonymous_11)
FNDA:1,(anonymous_12)
FNDA:0,(anonymous_13)
FNDA:11,(anonymous_14)
FNDA:3,(anonymous_15)
FNDA:4,(anonymous_16)
FNDA:4,(anonymous_17)
FNDA:8,(anonymous_18)
FNDA:6,(anonymous_19)
FNDA:0,(anonymous_20)
FNDA:5,(anonymous_21)
FNDA:4,(anonymous_22)
FNDA:0,(anonymous_23)
DA:1,10
DA:2,10
DA:3,10
DA:4,10
DA:5,10
DA:7,10
DA:8,10
DA:9,10
DA:10,10
DA:11,10
DA:12,10
DA:23,5
DA:29,4
DA:30,3
DA:34,1
DA:35,1
DA:38,1
DA:39,1
DA:44,1
DA:45,1
DA:46,1
DA:50,1
DA:51,1
DA:52,1
DA:54,1
DA:58,1
DA:61,1
DA:63,1
DA:64,1
DA:65,1
DA:68,0
DA:69,0
DA:85,11
DA:86,9
DA:87,1
DA:91,8
DA:92,2
DA:96,6
DA:97,6
DA:98,6
DA:99,6
DA:102,5
DA:109,5
DA:111,4
DA:113,3
DA:115,3
DA:125,2
DA:128,1
DA:131,1
DA:133,1
DA:134,1
DA:138,3
DA:139,3
DA:140,3
DA:143,3
DA:150,3
DA:158,3
DA:167,3
DA:168,0
DA:171,3
DA:181,3
DA:183,4
DA:184,4
DA:186,3
DA:187,3
DA:194,8
DA:195,8
DA:196,1
DA:199,7
DA:202,6
DA:203,2
DA:206,2
DA:207,2
DA:208,2
DA:209,2
DA:210,2
DA:214,2
DA:219,6
DA:222,4
DA:223,4
DA:224,4
DA:227,4
DA:234,4
DA:236,2
DA:237,1
DA:240,2
DA:241,2
DA:244,1
DA:252,2
DA:259,0
DA:260,0
DA:261,0
DA:265,0
DA:266,0
DA:269,0
DA:271,0
DA:279,0
DA:282,0
DA:292,0
DA:299,0
DA:300,0
DA:301,0
DA:303,0
DA:312,5
DA:313,3
DA:314,2
DA:317,1
DA:330,4
DA:331,3
DA:332,2
DA:335,1
DA:342,0
DA:347,0
DA:349,0
DA:351,0
DA:354,0
DA:355,0
DA:358,0
DA:367,0
DA:369,0
DA:370,0
DA:371,0
DA:373,0
DA:377,0
DA:383,10
LF:125
LH:95
BRDA:29,0,0,3
BRDA:29,0,1,1
BRDA:38,1,0,1
BRDA:38,1,1,0
BRDA:38,2,0,1
BRDA:38,2,1,1
BRDA:44,3,0,1
BRDA:44,3,1,0
BRDA:50,4,0,1
BRDA:50,4,1,0
BRDA:63,5,0,1
BRDA:63,5,1,0
BRDA:86,6,0,1
BRDA:86,6,1,8
BRDA:91,7,0,2
BRDA:91,7,1,6
BRDA:91,8,0,8
BRDA:91,8,1,6
BRDA:96,9,0,4
BRDA:96,9,1,2
BRDA:97,10,0,3
BRDA:97,10,1,3
BRDA:98,11,0,6
BRDA:98,11,1,0
BRDA:103,12,0,5
BRDA:103,12,1,0
BRDA:103,12,2,0
BRDA:104,13,0,5
BRDA:104,13,1,2
BRDA:104,13,2,0
BRDA:105,14,0,5
BRDA:105,14,1,2
BRDA:105,14,2,0
BRDA:111,15,0,3
BRDA:111,15,1,1
BRDA:120,16,0,3
BRDA:120,16,1,0
BRDA:167,17,0,0
BRDA:167,17,1,3
BRDA:183,18,0,4
BRDA:183,18,1,1
BRDA:184,19,0,4
BRDA:184,19,1,1
BRDA:195,20,0,1
BRDA:195,20,1,7
BRDA:202,21,0,2
BRDA:202,21,1,4
BRDA:206,22,0,2
BRDA:206,22,1,0
BRDA:234,23,0,2
BRDA:234,23,1,2
BRDA:260,24,0,0
BRDA:260,24,1,0
BRDA:313,25,0,2
BRDA:313,25,1,1
BRDA:331,26,0,2
BRDA:331,26,1,1
BRDA:349,27,0,0
BRDA:349,27,1,0
BRF:59
BRH:43
end_of_record
TN:
SF:src/services/notificationService.ts
FN:8,(anonymous_1)
FN:35,(anonymous_2)
FN:43,(anonymous_3)
FN:44,(anonymous_4)
FN:62,(anonymous_5)
FN:72,(anonymous_6)
FN:82,(anonymous_7)
FN:103,(anonymous_8)
FN:122,(anonymous_9)
FNF:9
FNH:0
FNDA:0,(anonymous_1)
FNDA:0,(anonymous_2)
FNDA:0,(anonymous_3)
FNDA:0,(anonymous_4)
FNDA:0,(anonymous_5)
FNDA:0,(anonymous_6)
FNDA:0,(anonymous_7)
FNDA:0,(anonymous_8)
FNDA:0,(anonymous_9)
DA:1,6
DA:2,6
DA:8,6
DA:12,0
DA:13,0
DA:15,0
DA:16,0
DA:19,0
DA:20,0
DA:21,0
DA:24,0
DA:25,0
DA:27,0
DA:28,0
DA:35,6
DA:39,0
DA:40,0
DA:42,0
DA:43,0
DA:44,0
DA:46,0
DA:47,0
DA:48,0
DA:51,0
DA:52,0
DA:54,0
DA:55,0
DA:62,6
DA:66,0
DA:72,6
DA:76,0
DA:82,6
DA:87,0
DA:97,0
DA:103,6
DA:107,0
DA:116,0
DA:122,6
DA:127,0
DA:137,0
DA:140,6
LF:41
LH:10
BRDA:15,0,0,0
BRDA:15,0,1,0
BRDA:19,1,0,0
BRDA:19,1,1,0
BRDA:44,2,0,0
BRDA:44,2,1,0
BRDA:46,3,0,0
BRDA:46,3,1,0
BRF:8
BRH:0
end_of_record
TN:
SF:src/services/restaurantService.ts
FN:5,(anonymous_1)
FN:11,(anonymous_2)
FN:54,(anonymous_3)
FN:57,(anonymous_4)
FN:69,(anonymous_5)
FN:103,(anonymous_6)
FN:111,(anonymous_7)
FN:121,(anonymous_8)
FN:128,(anonymous_9)
FN:138,(anonymous_10)
FN:139,(anonymous_11)
FN:142,(anonymous_12)
FN:145,(anonymous_13)
FN:149,(anonymous_14)
FN:166,(anonymous_15)
FN:198,(anonymous_16)
FNF:16
FNH:14
FNDA:10,(anonymous_1)
FNDA:23,(anonymous_2)
FNDA:3,(anonymous_3)
FNDA:3,(anonymous_4)
FNDA:8,(anonymous_5)
FNDA:4,(anonymous_6)
FNDA:0,(anonymous_7)
FNDA:0,(anonymous_8)
FNDA:6,(anonymous_9)
FNDA:9,(anonymous_10)
FNDA:9,(anonymous_11)
FNDA:9,(anonymous_12)
FNDA:9,(anonymous_13)
FNDA:9,(anonymous_14)
FNDA:15,(anonymous_15)
FNDA:5,(anonymous_16)
DA:1,10
DA:2,10
DA:5,10
DA:6,10
DA:18,23
DA:20,23
DA:21,8
DA:22,8
DA:25,15
DA:28,15
DA:30,15
DA:43,8
DA:45,8
DA:46,3
DA:49,5
DA:50,5
DA:53,5
DA:54,3
DA:57,5
DA:59,10
DA:60,7
DA:62,7
DA:70,8
DA:71,8
DA:72,3
DA:76,5
DA:87,3
DA:88,2
DA:91,1
DA:92,1
DA:94,4
DA:95,2
DA:96,2
DA:104,4
DA:111,0
DA:122,0
DA:138,9
DA:139,9
DA:142,9
DA:145,9
DA:146,6
DA:149,9
DA:152,6
DA:160,6
DA:167,15
DA:199,5
DA:211,10
LF:47
LH:45
BRDA:6,0,0,10
BRDA:6,0,1,9
BRDA:14,1,0,0
BRDA:20,2,0,8
BRDA:20,2,1,15
BRDA:28,3,0,3
BRDA:28,3,1,12
BRDA:28,4,0,15
BRDA:28,4,1,3
BRDA:45,5,0,3
BRDA:45,5,1,5
BRDA:45,6,0,8
BRDA:45,6,1,4
BRDA:49,7,0,5
BRDA:49,7,1,1
BRDA:53,8,0,2
BRDA:53,8,1,3
BRDA:59,9,0,3
BRDA:59,9,1,7
BRDA:71,10,0,3
BRDA:71,10,1,5
BRDA:87,11,0,2
BRDA:87,11,1,1
BRDA:94,12,0,2
BRDA:94,12,1,2
BRDA:105,13,0,4
BRDA:105,13,1,0
BRDA:106,14,0,4
BRDA:106,14,1,3
BRDA:106,14,2,0
BRDA:108,15,0,4
BRDA:108,15,1,3
BRDA:108,15,2,0
BRDA:111,16,0,4
BRDA:111,16,1,4
BRDA:121,17,0,0
BRF:36
BRH:31
end_of_record
TN:
SF:src/services/userService.ts
FN:9,(anonymous_1)
FN:39,(anonymous_2)
FN:42,(anonymous_3)
FN:54,(anonymous_4)
FN:84,(anonymous_5)
FN:118,(anonymous_6)
FN:162,(anonymous_7)
FN:206,(anonymous_8)
FNF:8
FNH:8
FNDA:1,(anonymous_1)
FNDA:9,(anonymous_2)
FNDA:7,(anonymous_3)
FNDA:8,(anonymous_4)
FNDA:7,(anonymous_5)
FNDA:5,(anonymous_6)
FNDA:5,(anonymous_7)
FNDA:9,(anonymous_8)
DA:1,10
DA:3,10
DA:5,10
DA:10,1
DA:11,1
DA:12,0
DA:15,1
DA:17,1
DA:22,0
DA:23,0
DA:24,0
DA:26,0
DA:27,0
DA:29,0
DA:31,1
DA:32,1
DA:40,9
DA:42,7
DA:55,8
DA:57,8
DA:59,6
DA:60,2
DA:63,4
DA:65,4
DA:93,7
DA:95,7
DA:96,2
DA:99,5
DA:100,5
DA:101,5
DA:102,5
DA:104,5
DA:106,3
DA:130,5
DA:131,5
DA:133,5
DA:135,5
DA:136,1
DA:139,4
DA:140,4
DA:141,4
DA:142,4
DA:143,1
DA:146,1
DA:147,1
DA:149,4
DA:150,4
DA:151,4
DA:153,4
DA:154,3
DA:156,3
DA:174,5
DA:176,5
DA:177,1
DA:180,4
DA:181,4
DA:182,4
DA:183,4
DA:185,0
DA:186,0
DA:188,4
DA:189,4
DA:190,4
DA:192,4
DA:194,2
DA:207,9
DA:209,8
DA:210,2
DA:213,6
DA:214,4
DA:217,2
DA:219,1
LF:72
LH:63
BRDA:11,0,0,0
BRDA:11,0,1,1
BRDA:11,1,0,1
BRDA:11,1,1,1
BRDA:24,2,0,0
BRDA:24,2,1,0
BRDA:59,3,0,2
BRDA:59,3,1,4
BRDA:73,4,0,4
BRDA:73,4,1,1
BRDA:74,5,0,4
BRDA:74,5,1,1
BRDA:95,6,0,2
BRDA:95,6,1,5
BRDA:99,7,0,4
BRDA:99,7,1,1
BRDA:99,8,0,5
BRDA:99,8,1,4
BRDA:100,9,0,1
BRDA:100,9,1,4
BRDA:100,10,0,5
BRDA:100,10,1,1
BRDA:101,11,0,0
BRDA:101,11,1,5
BRDA:101,12,0,5
BRDA:101,12,1,0
BRDA:102,13,0,1
BRDA:102,13,1,4
BRDA:102,14,0,5
BRDA:102,14,1,1
BRDA:135,15,0,1
BRDA:135,15,1,4
BRDA:139,16,0,1
BRDA:139,16,1,3
BRDA:139,17,0,4
BRDA:139,17,1,1
BRDA:140,18,0,1
BRDA:140,18,1,3
BRDA:140,19,0,4
BRDA:140,19,1,1
BRDA:141,20,0,1
BRDA:141,20,1,3
BRDA:141,21,0,4
BRDA:141,21,1,1
BRDA:142,22,0,1
BRDA:142,22,1,3
BRDA:142,23,0,4
BRDA:142,23,1,1
BRDA:149,24,0,0
BRDA:149,24,1,4
BRDA:149,25,0,4
BRDA:149,25,1,0
BRDA:150,26,0,3
BRDA:150,26,1,1
BRDA:150,27,0,4
BRDA:150,27,1,3
BRDA:151,28,0,2
BRDA:151,28,1,2
BRDA:151,29,0,4
BRDA:151,29,1,2
BRDA:176,30,0,1
BRDA:176,30,1,4
BRDA:180,31,0,3
BRDA:180,31,1,1
BRDA:180,32,0,4
BRDA:180,32,1,3
BRDA:181,33,0,2
BRDA:181,33,1,2
BRDA:181,34,0,4
BRDA:181,34,1,2
BRDA:182,35,0,1
BRDA:182,35,1,3
BRDA:182,36,0,4
BRDA:182,36,1,1
BRDA:183,37,0,0
BRDA:183,37,1,4
BRDA:183,38,0,4
BRDA:183,38,1,0
BRDA:188,39,0,0
BRDA:188,39,1,4
BRDA:188,40,0,4
BRDA:188,40,1,0
BRDA:189,41,0,0
BRDA:189,41,1,4
BRDA:189,42,0,4
BRDA:189,42,1,0
BRDA:190,43,0,0
BRDA:190,43,1,4
BRDA:190,44,0,4
BRDA:190,44,1,0
BRDA:209,45,0,2
BRDA:209,45,1,6
BRDA:213,46,0,4
BRDA:213,46,1,2
BRDA:213,47,0,6
BRDA:213,47,1,4
BRF:96
BRH:81
end_of_record
TN:
SF:src/utils/socketManager.ts
FN:15,(anonymous_9)
FN:17,(anonymous_10)
FN:27,(anonymous_11)
FN:41,(anonymous_12)
FN:51,(anonymous_13)
FN:63,(anonymous_14)
FN:80,(anonymous_15)
FN:87,(anonymous_16)
FN:94,(anonymous_17)
FN:101,(anonymous_18)
FN:115,(anonymous_19)
FN:131,(anonymous_20)
FN:149,(anonymous_21)
FN:166,(anonymous_22)
FNF:14
FNH:11
FNDA:8,(anonymous_9)
FNDA:8,(anonymous_10)
FNDA:3,(anonymous_11)
FNDA:3,(anonymous_12)
FNDA:13,(anonymous_13)
FNDA:4,(anonymous_14)
FNDA:0,(anonymous_15)
FNDA:0,(anonymous_16)
FNDA:2,(anonymous_17)
FNDA:3,(anonymous_18)
FNDA:0,(anonymous_19)
FNDA:3,(anonymous_20)
FNDA:4,(anonymous_21)
FNDA:3,(anonymous_22)
DA:3,8
DA:12,8
DA:13,8
DA:18,8
DA:19,8
DA:21,8
DA:28,3
DA:29,0
DA:30,0
DA:33,3
DA:34,3
DA:35,3
DA:42,3
DA:43,0
DA:45,3
DA:52,13
DA:53,0
DA:55,13
DA:69,4
DA:81,0
DA:88,0
DA:101,3
DA:103,2
DA:121,0
DA:138,3
DA:155,4
DA:167,3
DA:170,3
DA:171,0
DA:172,0
DA:173,0
DA:177,3
DA:182,8
DA:183,8
LF:34
LH:24
BRDA:18,0,0,8
BRDA:18,0,1,0
BRDA:28,1,0,0
BRDA:28,1,1,3
BRDA:42,2,0,0
BRDA:42,2,1,3
BRDA:52,3,0,0
BRDA:52,3,1,13
BRDA:171,4,0,0
BRDA:171,4,1,0
BRF:10
BRH:4
end_of_record
