TN:
SF:src/app.ts
FN:25,(anonymous_1)
FNF:1
FNH:0
FNDA:0,(anonymous_1)
DA:3,5
DA:4,5
DA:5,5
DA:8,5
DA:9,5
DA:10,5
DA:11,5
DA:12,5
DA:14,5
DA:17,5
DA:21,5
DA:22,5
DA:25,5
DA:26,0
DA:34,5
DA:35,5
DA:36,5
DA:37,5
DA:38,5
DA:41,5
DA:44,5
DA:46,5
LF:22
LH:21
BRF:0
BRH:0
end_of_record
TN:
SF:src/server.ts
FN:20,(anonymous_1)
FN:40,(anonymous_2)
FN:54,startBackgroundTasks
FN:56,(anonymous_4)
FN:65,(anonymous_5)
FN:77,(anonymous_6)
FN:79,(anonymous_7)
FN:83,(anonymous_8)
FN:85,(anonymous_9)
FN:89,(anonymous_10)
FN:91,(anonymous_11)
FN:97,(anonymous_12)
FN:99,(anonymous_13)
FNF:13
FNH:0
FNDA:0,(anonymous_1)
FNDA:0,(anonymous_2)
FNDA:0,startBackgroundTasks
FNDA:0,(anonymous_4)
FNDA:0,(anonymous_5)
FNDA:0,(anonymous_6)
FNDA:0,(anonymous_7)
FNDA:0,(anonymous_8)
FNDA:0,(anonymous_9)
FNDA:0,(anonymous_10)
FNDA:0,(anonymous_11)
FNDA:0,(anonymous_12)
FNDA:0,(anonymous_13)
DA:1,0
DA:4,0
DA:6,0
DA:7,0
DA:8,0
DA:9,0
DA:10,0
DA:11,0
DA:12,0
DA:14,0
DA:17,0
DA:20,0
DA:21,0
DA:23,0
DA:26,0
DA:27,0
DA:28,0
DA:30,0
DA:34,0
DA:37,0
DA:40,0
DA:41,0
DA:42,0
DA:43,0
DA:44,0
DA:45,0
DA:48,0
DA:49,0
DA:56,0
DA:57,0
DA:58,0
DA:60,0
DA:65,0
DA:66,0
DA:67,0
DA:69,0
DA:73,0
DA:77,0
DA:78,0
DA:79,0
DA:83,0
DA:84,0
DA:85,0
DA:89,0
DA:90,0
DA:91,0
DA:92,0
DA:93,0
DA:97,0
DA:98,0
DA:99,0
DA:100,0
DA:101,0
DA:106,0
LF:54
LH:0
BRDA:14,0,0,0
BRDA:14,0,1,0
BRDA:43,1,0,0
BRDA:43,1,1,0
BRF:4
BRH:0
end_of_record
TN:
SF:src/config/database.ts
FN:3,(anonymous_1)
FN:25,(anonymous_2)
FN:29,(anonymous_3)
FN:33,(anonymous_4)
FN:38,(anonymous_5)
FN:51,(anonymous_6)
FNF:6
FNH:3
FNDA:3,(anonymous_1)
FNDA:0,(anonymous_2)
FNDA:3,(anonymous_3)
FNDA:0,(anonymous_4)
FNDA:0,(anonymous_5)
FNDA:3,(anonymous_6)
DA:1,3
DA:3,3
DA:4,3
DA:5,3
DA:7,3
DA:8,0
DA:12,3
DA:20,3
DA:22,3
DA:25,3
DA:26,0
DA:29,3
DA:30,3
DA:33,3
DA:34,0
DA:38,3
DA:39,0
DA:40,0
DA:41,0
DA:45,0
DA:46,0
DA:51,3
DA:52,3
DA:53,3
DA:54,3
DA:56,0
DA:57,0
LF:27
LH:17
BRDA:7,0,0,0
BRDA:7,0,1,3
BRF:2
BRH:1
end_of_record
TN:
SF:src/config/firebase.ts
FN:5,(anonymous_1)
FN:52,(anonymous_2)
FN:60,(anonymous_3)
FN:68,(anonymous_4)
FN:110,(anonymous_5)
FN:148,(anonymous_6)
FN:163,(anonymous_7)
FN:200,(anonymous_8)
FN:222,(anonymous_9)
FNF:9
FNH:0
FNDA:0,(anonymous_1)
FNDA:0,(anonymous_2)
FNDA:0,(anonymous_3)
FNDA:0,(anonymous_4)
FNDA:0,(anonymous_5)
FNDA:0,(anonymous_6)
FNDA:0,(anonymous_7)
FNDA:0,(anonymous_8)
FNDA:0,(anonymous_9)
DA:1,5
DA:3,5
DA:5,5
DA:6,0
DA:8,0
DA:9,0
DA:13,0
DA:14,0
DA:16,0
DA:17,0
DA:25,0
DA:26,0
DA:29,0
DA:30,0
DA:31,0
DA:33,0
DA:37,0
DA:42,0
DA:44,0
DA:46,0
DA:47,0
DA:52,5
DA:53,0
DA:54,0
DA:56,0
DA:60,5
DA:61,0
DA:62,0
DA:64,0
DA:68,5
DA:76,0
DA:77,0
DA:79,0
DA:100,0
DA:101,0
DA:102,0
DA:104,0
DA:105,0
DA:110,5
DA:118,0
DA:119,0
DA:121,0
DA:142,0
DA:144,0
DA:147,0
DA:148,0
DA:149,0
DA:150,0
DA:155,0
DA:157,0
DA:158,0
DA:163,5
DA:171,0
DA:172,0
DA:174,0
DA:190,0
DA:191,0
DA:192,0
DA:194,0
DA:195,0
DA:200,5
DA:204,0
DA:205,0
DA:206,0
DA:208,0
DA:210,0
DA:211,0
DA:214,0
DA:216,0
DA:217,0
DA:222,5
DA:226,0
DA:227,0
DA:228,0
DA:230,0
DA:232,0
DA:234,0
DA:235,0
DA:239,5
LF:79
LH:11
BRDA:8,0,0,0
BRDA:8,0,1,0
BRDA:16,1,0,0
BRDA:16,1,1,0
BRDA:16,2,0,0
BRDA:16,2,1,0
BRDA:25,3,0,0
BRDA:25,3,1,0
BRDA:29,4,0,0
BRDA:29,4,1,0
BRDA:53,5,0,0
BRDA:53,5,1,0
BRDA:61,6,0,0
BRDA:61,6,1,0
BRDA:147,7,0,0
BRDA:147,7,1,0
BRDA:149,8,0,0
BRDA:149,8,1,0
BRDA:210,9,0,0
BRDA:210,9,1,0
BRF:20
BRH:0
end_of_record
TN:
SF:src/config/socket.ts
FN:12,(anonymous_1)
FN:24,(anonymous_2)
FN:50,(anonymous_3)
FN:58,(anonymous_4)
FN:68,(anonymous_5)
FN:86,(anonymous_6)
FN:105,(anonymous_7)
FN:113,(anonymous_8)
FN:122,(anonymous_9)
FN:132,(anonymous_10)
FN:140,(anonymous_11)
FN:146,(anonymous_12)
FN:161,(anonymous_13)
FN:167,(anonymous_14)
FN:181,(anonymous_15)
FN:194,(anonymous_16)
FN:207,(anonymous_17)
FN:226,(anonymous_18)
FN:243,(anonymous_19)
FN:257,(anonymous_20)
FN:269,(anonymous_21)
FN:274,(anonymous_22)
FNF:22
FNH:0
FNDA:0,(anonymous_1)
FNDA:0,(anonymous_2)
FNDA:0,(anonymous_3)
FNDA:0,(anonymous_4)
FNDA:0,(anonymous_5)
FNDA:0,(anonymous_6)
FNDA:0,(anonymous_7)
FNDA:0,(anonymous_8)
FNDA:0,(anonymous_9)
FNDA:0,(anonymous_10)
FNDA:0,(anonymous_11)
FNDA:0,(anonymous_12)
FNDA:0,(anonymous_13)
FNDA:0,(anonymous_14)
FNDA:0,(anonymous_15)
FNDA:0,(anonymous_16)
FNDA:0,(anonymous_17)
FNDA:0,(anonymous_18)
FNDA:0,(anonymous_19)
FNDA:0,(anonymous_20)
FNDA:0,(anonymous_21)
FNDA:0,(anonymous_22)
DA:1,5
DA:3,5
DA:10,5
DA:12,5
DA:13,0
DA:24,0
DA:25,0
DA:26,0
DA:28,0
DA:29,0
DA:32,0
DA:33,0
DA:34,0
DA:38,0
DA:39,0
DA:41,0
DA:42,0
DA:44,0
DA:45,0
DA:50,0
DA:51,0
DA:52,0
DA:56,0
DA:58,0
DA:59,0
DA:60,0
DA:68,0
DA:69,0
DA:70,0
DA:72,0
DA:77,0
DA:78,0
DA:86,0
DA:87,0
DA:88,0
DA:90,0
DA:95,0
DA:96,0
DA:105,0
DA:106,0
DA:107,0
DA:113,0
DA:114,0
DA:115,0
DA:122,0
DA:123,0
DA:124,0
DA:125,0
DA:126,0
DA:132,0
DA:133,0
DA:134,0
DA:135,0
DA:140,0
DA:141,0
DA:146,0
DA:147,0
DA:151,0
DA:152,0
DA:160,5
DA:161,0
DA:173,0
DA:174,0
DA:182,0
DA:187,0
DA:195,0
DA:199,0
DA:214,0
DA:215,0
DA:216,0
DA:217,0
DA:218,0
DA:231,0
DA:232,0
DA:233,0
DA:234,0
DA:235,0
DA:236,0
DA:249,0
DA:250,0
DA:262,0
DA:263,0
DA:270,0
DA:271,0
DA:272,0
DA:273,0
DA:274,0
DA:276,0
DA:278,0
DA:281,0
DA:282,0
DA:286,5
LF:92
LH:6
BRDA:15,0,0,0
BRDA:15,0,1,0
BRDA:28,1,0,0
BRDA:28,1,1,0
BRDA:33,2,0,0
BRDA:33,2,1,0
BRDA:194,3,0,0
BRDA:269,4,0,0
BRDA:271,5,0,0
BRDA:271,5,1,0
BRDA:272,6,0,0
BRDA:272,6,1,0
BRF:12
BRH:0
end_of_record
TN:
SF:src/controllers/auth.controller.ts
FN:16,(anonymous_10)
FN:86,(anonymous_11)
FN:156,(anonymous_12)
FN:253,(anonymous_13)
FN:282,(anonymous_14)
FN:321,(anonymous_15)
FN:366,(anonymous_16)
FNF:7
FNH:0
FNDA:0,(anonymous_10)
FNDA:0,(anonymous_11)
FNDA:0,(anonymous_12)
FNDA:0,(anonymous_13)
FNDA:0,(anonymous_14)
FNDA:0,(anonymous_15)
FNDA:0,(anonymous_16)
DA:2,5
DA:3,5
DA:4,5
DA:6,5
DA:8,5
DA:9,5
DA:11,5
DA:17,0
DA:18,0
DA:20,0
DA:21,0
DA:25,0
DA:29,0
DA:32,0
DA:33,0
DA:34,0
DA:38,0
DA:42,0
DA:45,0
DA:46,0
DA:47,0
DA:51,0
DA:54,0
DA:65,0
DA:76,0
DA:78,0
DA:87,0
DA:88,0
DA:90,0
DA:91,0
DA:95,0
DA:99,0
DA:102,0
DA:103,0
DA:104,0
DA:108,0
DA:112,0
DA:115,0
DA:116,0
DA:117,0
DA:121,0
DA:124,0
DA:135,0
DA:146,0
DA:148,0
DA:157,0
DA:158,0
DA:160,0
DA:161,0
DA:165,0
DA:169,0
DA:174,0
DA:176,0
DA:177,0
DA:181,0
DA:184,0
DA:187,0
DA:189,0
DA:191,0
DA:203,0
DA:206,0
DA:207,0
DA:208,0
DA:212,0
DA:213,0
DA:214,0
DA:218,0
DA:221,0
DA:232,0
DA:243,0
DA:245,0
DA:254,0
DA:255,0
DA:256,0
DA:260,0
DA:263,0
DA:265,0
DA:266,0
DA:267,0
DA:270,0
DA:274,0
DA:283,0
DA:284,0
DA:285,0
DA:289,0
DA:292,0
DA:294,0
DA:295,0
DA:299,0
DA:302,0
DA:313,0
DA:322,0
DA:323,0
DA:324,0
DA:328,0
DA:331,0
DA:333,0
DA:334,0
DA:338,0
DA:341,0
DA:343,0
DA:344,0
DA:348,0
DA:351,0
DA:352,0
DA:354,0
DA:358,0
DA:367,0
DA:368,0
DA:369,0
DA:373,0
DA:376,0
DA:378,0
DA:379,0
DA:383,0
DA:386,0
DA:387,0
DA:391,0
DA:394,0
DA:396,0
DA:400,0
DA:405,5
LF:122
LH:8
BRDA:20,0,0,0
BRDA:20,0,1,0
BRDA:33,1,0,0
BRDA:33,1,1,0
BRDA:46,2,0,0
BRDA:46,2,1,0
BRDA:90,3,0,0
BRDA:90,3,1,0
BRDA:103,4,0,0
BRDA:103,4,1,0
BRDA:116,5,0,0
BRDA:116,5,1,0
BRDA:160,6,0,0
BRDA:160,6,1,0
BRDA:176,7,0,0
BRDA:176,7,1,0
BRDA:176,8,0,0
BRDA:176,8,1,0
BRDA:176,8,2,0
BRDA:189,9,0,0
BRDA:189,9,1,0
BRDA:194,10,0,0
BRDA:194,10,1,0
BRDA:195,11,0,0
BRDA:195,11,1,0
BRDA:213,12,0,0
BRDA:213,12,1,0
BRDA:255,13,0,0
BRDA:255,13,1,0
BRDA:265,14,0,0
BRDA:265,14,1,0
BRDA:284,15,0,0
BRDA:284,15,1,0
BRDA:294,16,0,0
BRDA:294,16,1,0
BRDA:323,17,0,0
BRDA:323,17,1,0
BRDA:333,18,0,0
BRDA:333,18,1,0
BRDA:343,19,0,0
BRDA:343,19,1,0
BRDA:368,20,0,0
BRDA:368,20,1,0
BRDA:378,21,0,0
BRDA:378,21,1,0
BRDA:386,22,0,0
BRDA:386,22,1,0
BRDA:386,23,0,0
BRDA:386,23,1,0
BRF:49
BRH:0
end_of_record
TN:
SF:src/controllers/group.controller.ts
FN:10,(anonymous_1)
FN:51,(anonymous_2)
FN:99,(anonymous_3)
FNF:3
FNH:0
FNDA:0,(anonymous_1)
FNDA:0,(anonymous_2)
FNDA:0,(anonymous_3)
DA:3,5
DA:5,5
DA:11,0
DA:12,0
DA:14,0
DA:15,0
DA:20,0
DA:24,0
DA:26,0
DA:27,0
DA:32,0
DA:35,0
DA:37,0
DA:43,0
DA:52,0
DA:53,0
DA:54,0
DA:55,0
DA:57,0
DA:58,0
DA:63,0
DA:66,0
DA:67,0
DA:72,0
DA:75,0
DA:82,0
DA:91,0
DA:100,0
DA:101,0
DA:102,0
DA:104,0
DA:105,0
DA:110,0
DA:113,0
DA:115,0
DA:121,0
DA:126,5
LF:37
LH:3
BRDA:14,0,0,0
BRDA:14,0,1,0
BRDA:26,1,0,0
BRDA:26,1,1,0
BRDA:57,2,0,0
BRDA:57,2,1,0
BRDA:66,3,0,0
BRDA:66,3,1,0
BRDA:104,4,0,0
BRDA:104,4,1,0
BRF:10
BRH:0
end_of_record
TN:
SF:src/controllers/matching.controller.ts
FN:10,(anonymous_1)
FN:49,(anonymous_2)
FN:79,(anonymous_3)
FN:109,(anonymous_4)
FN:129,(anonymous_5)
FNF:5
FNH:0
FNDA:0,(anonymous_1)
FNDA:0,(anonymous_2)
FNDA:0,(anonymous_3)
FNDA:0,(anonymous_4)
FNDA:0,(anonymous_5)
DA:3,5
DA:5,5
DA:11,0
DA:12,0
DA:14,0
DA:15,0
DA:20,0
DA:23,0
DA:25,0
DA:31,0
DA:37,0
DA:50,0
DA:51,0
DA:52,0
DA:54,0
DA:55,0
DA:60,0
DA:65,0
DA:71,0
DA:80,0
DA:81,0
DA:82,0
DA:84,0
DA:85,0
DA:90,0
DA:93,0
DA:95,0
DA:101,0
DA:110,0
DA:111,0
DA:113,0
DA:115,0
DA:121,0
DA:130,0
DA:131,0
DA:133,0
DA:135,0
DA:144,0
DA:149,5
LF:39
LH:3
BRDA:14,0,0,0
BRDA:14,0,1,0
BRDA:54,1,0,0
BRDA:54,1,1,0
BRDA:84,2,0,0
BRDA:84,2,1,0
BRF:6
BRH:0
end_of_record
TN:
SF:src/controllers/restaurant.controller.ts
FN:10,(anonymous_1)
FN:51,(anonymous_2)
FN:71,(anonymous_3)
FNF:3
FNH:3
FNDA:10,(anonymous_1)
FNDA:6,(anonymous_2)
FNDA:9,(anonymous_3)
DA:3,5
DA:5,5
DA:11,10
DA:12,10
DA:14,10
DA:15,2
DA:20,2
DA:23,8
DA:24,8
DA:25,8
DA:26,8
DA:27,8
DA:29,8
DA:37,5
DA:43,3
DA:52,6
DA:53,6
DA:55,6
DA:57,3
DA:63,3
DA:72,9
DA:73,9
DA:74,9
DA:76,9
DA:77,2
DA:82,2
DA:85,7
DA:90,3
DA:96,4
DA:101,5
LF:30
LH:30
BRDA:14,0,0,2
BRDA:14,0,1,8
BRDA:14,1,0,10
BRDA:14,1,1,9
BRDA:25,2,0,1
BRDA:25,2,1,7
BRDA:26,3,0,1
BRDA:26,3,1,7
BRDA:27,4,0,1
BRDA:27,4,1,7
BRDA:76,5,0,2
BRDA:76,5,1,7
BRDA:76,6,0,9
BRDA:76,6,1,8
BRF:14
BRH:14
end_of_record
TN:
SF:src/controllers/user.controller.ts
FN:12,(anonymous_0)
FN:15,(anonymous_1)
FN:33,(anonymous_2)
FN:62,(anonymous_3)
FN:98,(anonymous_4)
FN:137,(anonymous_5)
FN:176,(anonymous_6)
FNF:7
FNH:7
FNDA:9,(anonymous_0)
FNDA:13,(anonymous_1)
FNDA:5,(anonymous_2)
FNDA:7,(anonymous_3)
FNDA:5,(anonymous_4)
FNDA:5,(anonymous_5)
FNDA:10,(anonymous_6)
DA:3,5
DA:5,5
DA:7,5
DA:13,9
DA:14,9
DA:15,13
DA:17,9
DA:19,5
DA:25,4
DA:34,5
DA:35,5
DA:46,5
DA:48,0
DA:54,5
DA:63,7
DA:64,7
DA:75,7
DA:77,7
DA:84,0
DA:90,7
DA:99,5
DA:100,5
DA:111,5
DA:113,5
DA:123,1
DA:129,4
DA:138,5
DA:139,5
DA:150,5
DA:152,5
DA:162,0
DA:168,5
DA:177,10
DA:178,10
DA:179,10
DA:182,10
DA:183,1
DA:188,1
DA:191,9
DA:193,1
DA:199,8
DA:204,5
LF:42
LH:39
BRDA:182,0,0,1
BRDA:182,0,1,9
BRF:2
BRH:2
end_of_record
TN:
SF:src/middleware/auth.middleware.ts
FN:13,(anonymous_1)
FN:81,(anonymous_2)
FNF:2
FNH:2
FNDA:49,(anonymous_1)
FNDA:16,(anonymous_2)
DA:2,5
DA:13,5
DA:18,49
DA:20,49
DA:22,49
DA:23,6
DA:27,6
DA:31,43
DA:34,43
DA:35,43
DA:36,0
DA:37,0
DA:41,0
DA:45,43
DA:48,41
DA:54,41
DA:56,2
DA:57,2
DA:61,2
DA:64,0
DA:65,0
DA:69,0
DA:72,0
DA:73,0
DA:81,5
DA:86,16
DA:87,16
DA:89,16
DA:90,0
DA:91,0
DA:93,0
DA:94,0
DA:95,0
DA:103,16
DA:106,0
LF:35
LH:21
BRDA:22,0,0,6
BRDA:22,0,1,43
BRDA:22,1,0,49
BRDA:22,1,1,43
BRDA:35,2,0,0
BRDA:35,2,1,43
BRDA:56,3,0,2
BRDA:56,3,1,0
BRDA:64,4,0,0
BRDA:64,4,1,0
BRDA:89,5,0,0
BRDA:89,5,1,16
BRDA:89,6,0,16
BRDA:89,6,1,0
BRDA:93,7,0,0
BRDA:93,7,1,0
BRF:16
BRH:8
end_of_record
TN:
SF:src/middleware/errorHandler.ts
FN:7,(anonymous_0)
FN:16,(anonymous_1)
FN:69,(anonymous_2)
FN:82,(anonymous_3)
FN:85,(anonymous_4)
FNF:5
FNH:1
FNDA:0,(anonymous_0)
FNDA:43,(anonymous_1)
FNDA:0,(anonymous_2)
FNDA:0,(anonymous_3)
FNDA:0,(anonymous_4)
DA:4,5
DA:8,0
DA:9,0
DA:11,0
DA:16,5
DA:23,43
DA:24,43
DA:27,43
DA:28,0
DA:29,0
DA:30,43
DA:32,2
DA:33,2
DA:34,41
DA:36,3
DA:37,3
DA:38,38
DA:40,0
DA:41,0
DA:42,38
DA:43,38
DA:47,43
DA:57,43
DA:69,5
DA:74,0
DA:78,0
DA:82,5
DA:85,0
DA:86,0
LF:29
LH:18
BRDA:27,0,0,0
BRDA:27,0,1,43
BRDA:30,1,0,2
BRDA:30,1,1,41
BRDA:34,2,0,3
BRDA:34,2,1,38
BRDA:38,3,0,0
BRDA:38,3,1,38
BRDA:38,4,0,38
BRDA:38,4,1,0
BRDA:42,5,0,38
BRDA:42,5,1,0
BRDA:58,6,0,43
BRDA:58,6,1,0
BRDA:61,7,0,43
BRDA:61,7,1,0
BRF:16
BRH:10
end_of_record
TN:
SF:src/models/CredibilityLog.ts
FN:4,(anonymous_9)
FN:98,(anonymous_10)
FN:105,(anonymous_11)
FN:117,(anonymous_12)
FN:128,(anonymous_13)
FNF:5
FNH:0
FNDA:0,(anonymous_9)
FNDA:0,(anonymous_10)
FNDA:0,(anonymous_11)
FNDA:0,(anonymous_12)
FNDA:0,(anonymous_13)
DA:1,0
DA:4,0
DA:5,0
DA:6,0
DA:7,0
DA:8,0
DA:9,0
DA:10,0
DA:43,0
DA:91,0
DA:92,0
DA:93,0
DA:94,0
DA:95,0
DA:98,0
DA:99,0
DA:103,0
DA:106,0
DA:107,0
DA:108,0
DA:112,0
DA:117,0
DA:121,0
DA:128,0
DA:131,0
DA:132,0
DA:134,0
DA:141,0
DA:146,0
LF:29
LH:0
BRDA:4,0,0,0
BRDA:4,0,1,0
BRDA:119,1,0,0
BRDA:129,2,0,0
BRF:4
BRH:0
end_of_record
TN:
SF:src/models/Group.ts
FN:118,(anonymous_9)
FN:125,(anonymous_10)
FN:143,(anonymous_11)
FN:158,(anonymous_12)
FN:168,(anonymous_13)
FN:173,(anonymous_14)
FN:177,(anonymous_15)
FN:188,(anonymous_16)
FN:193,(anonymous_17)
FN:194,(anonymous_18)
FN:199,(anonymous_19)
FN:206,(anonymous_20)
FNF:12
FNH:0
FNDA:0,(anonymous_9)
FNDA:0,(anonymous_10)
FNDA:0,(anonymous_11)
FNDA:0,(anonymous_12)
FNDA:0,(anonymous_13)
FNDA:0,(anonymous_14)
FNDA:0,(anonymous_15)
FNDA:0,(anonymous_16)
FNDA:0,(anonymous_17)
FNDA:0,(anonymous_18)
FNDA:0,(anonymous_19)
FNDA:0,(anonymous_20)
DA:1,5
DA:50,5
DA:63,5
DA:118,5
DA:119,0
DA:123,5
DA:126,0
DA:127,0
DA:129,0
DA:138,5
DA:143,5
DA:145,0
DA:146,0
DA:147,0
DA:148,0
DA:152,0
DA:153,0
DA:154,0
DA:158,5
DA:159,0
DA:160,0
DA:161,0
DA:162,0
DA:163,0
DA:168,5
DA:169,0
DA:173,5
DA:174,0
DA:175,0
DA:177,0
DA:178,0
DA:179,0
DA:180,0
DA:184,0
DA:188,5
DA:189,0
DA:193,5
DA:194,0
DA:195,0
DA:199,5
DA:200,0
DA:206,5
DA:207,0
DA:214,5
DA:216,5
LF:45
LH:16
BRDA:132,0,0,0
BRDA:132,0,1,0
BRDA:133,1,0,0
BRDA:133,1,1,0
BRDA:146,2,0,0
BRDA:146,2,1,0
BRDA:147,3,0,0
BRDA:147,3,1,0
BRDA:153,4,0,0
BRDA:153,4,1,0
BRDA:160,5,0,0
BRDA:160,5,1,0
BRDA:162,6,0,0
BRDA:162,6,1,0
BRDA:169,7,0,0
BRDA:169,7,1,0
BRDA:178,8,0,0
BRDA:178,8,1,0
BRF:18
BRH:0
end_of_record
TN:
SF:src/models/Restaurant.ts
FNF:0
FNH:0
DA:1,0
DA:31,0
DA:100,0
DA:101,0
DA:102,0
DA:103,0
DA:105,0
LF:7
LH:0
BRF:0
BRH:0
end_of_record
TN:
SF:src/models/Room.ts
FN:4,(anonymous_9)
FN:62,(anonymous_10)
FN:100,(anonymous_11)
FN:107,(anonymous_12)
FN:119,(anonymous_13)
FN:124,(anonymous_14)
FN:129,(anonymous_15)
FN:136,(anonymous_16)
FN:137,(anonymous_17)
FN:141,(anonymous_18)
FN:146,(anonymous_19)
FN:154,(anonymous_20)
FN:162,(anonymous_21)
FNF:13
FNH:1
FNDA:5,(anonymous_9)
FNDA:0,(anonymous_10)
FNDA:0,(anonymous_11)
FNDA:0,(anonymous_12)
FNDA:0,(anonymous_13)
FNDA:0,(anonymous_14)
FNDA:0,(anonymous_15)
FNDA:0,(anonymous_16)
FNDA:0,(anonymous_17)
FNDA:0,(anonymous_18)
FNDA:0,(anonymous_19)
FNDA:0,(anonymous_20)
FNDA:0,(anonymous_21)
DA:1,5
DA:4,5
DA:5,5
DA:6,5
DA:7,5
DA:44,5
DA:63,0
DA:100,5
DA:101,0
DA:105,5
DA:108,0
DA:109,0
DA:110,0
DA:114,5
DA:119,5
DA:120,0
DA:124,5
DA:125,0
DA:129,5
DA:130,0
DA:131,0
DA:136,5
DA:137,0
DA:141,5
DA:142,0
DA:146,5
DA:147,0
DA:154,5
DA:155,0
DA:162,5
DA:163,0
DA:164,0
DA:166,0
DA:170,5
DA:172,5
LF:35
LH:19
BRDA:4,0,0,5
BRDA:4,0,1,5
BRDA:130,1,0,0
BRDA:130,1,1,0
BRDA:130,2,0,0
BRDA:130,2,1,0
BRDA:163,3,0,0
BRDA:163,3,1,0
BRDA:163,4,0,0
BRDA:163,4,1,0
BRF:10
BRH:2
end_of_record
TN:
SF:src/models/User.ts
FN:4,(anonymous_9)
FN:90,(anonymous_10)
FN:150,(anonymous_11)
FN:159,(anonymous_12)
FN:171,(anonymous_13)
FN:182,(anonymous_14)
FN:187,(anonymous_15)
FN:192,(anonymous_16)
FNF:8
FNH:3
FNDA:5,(anonymous_9)
FNDA:16,(anonymous_10)
FNDA:0,(anonymous_11)
FNDA:0,(anonymous_12)
FNDA:0,(anonymous_13)
FNDA:0,(anonymous_14)
FNDA:0,(anonymous_15)
FNDA:1,(anonymous_16)
DA:1,5
DA:4,5
DA:5,5
DA:6,5
DA:7,5
DA:8,5
DA:57,5
DA:91,16
DA:150,5
DA:151,0
DA:157,5
DA:160,0
DA:161,0
DA:162,0
DA:166,5
DA:171,5
DA:172,0
DA:182,5
DA:183,0
DA:187,5
DA:188,0
DA:192,5
DA:193,1
DA:194,0
DA:197,1
DA:198,0
DA:201,1
DA:202,0
DA:205,1
DA:206,0
DA:209,1
DA:213,5
DA:215,5
LF:33
LH:22
BRDA:4,0,0,5
BRDA:4,0,1,5
BRDA:183,1,0,0
BRDA:183,1,1,0
BRDA:183,1,2,0
BRDA:193,2,0,0
BRDA:193,2,1,1
BRDA:193,3,0,1
BRDA:193,3,1,0
BRDA:197,4,0,0
BRDA:197,4,1,1
BRDA:197,5,0,1
BRDA:197,5,1,0
BRDA:201,6,0,0
BRDA:201,6,1,1
BRDA:201,7,0,1
BRDA:201,7,1,1
BRDA:205,8,0,0
BRDA:205,8,1,1
BRDA:205,9,0,1
BRDA:205,9,1,1
BRF:21
BRH:12
end_of_record
TN:
SF:src/routes/auth.routes.ts
FNF:0
FNH:0
DA:1,5
DA:2,5
DA:3,5
DA:5,5
DA:8,5
DA:9,5
DA:10,5
DA:13,5
DA:14,5
DA:15,5
DA:17,5
DA:19,5
LF:12
LH:12
BRF:0
BRH:0
end_of_record
TN:
SF:src/routes/group.routes.ts
FNF:0
FNH:0
DA:1,5
DA:2,5
DA:3,5
DA:5,5
DA:12,5
DA:19,5
DA:26,5
DA:28,5
LF:8
LH:8
BRF:0
BRH:0
end_of_record
TN:
SF:src/routes/matching.routes.ts
FNF:0
FNH:0
DA:1,5
DA:2,5
DA:3,5
DA:5,5
DA:12,5
DA:19,5
DA:26,5
DA:33,5
DA:40,5
DA:42,5
LF:10
LH:10
BRF:0
BRH:0
end_of_record
TN:
SF:src/routes/restaurant.routes.ts
FNF:0
FNH:0
DA:1,5
DA:2,5
DA:3,5
DA:5,5
DA:12,5
DA:19,5
DA:26,5
DA:28,5
LF:8
LH:8
BRF:0
BRH:0
end_of_record
TN:
SF:src/routes/user.routes.ts
FNF:0
FNH:0
DA:1,5
DA:2,5
DA:3,5
DA:5,5
DA:12,5
DA:19,5
DA:26,5
DA:33,5
DA:40,5
DA:47,5
DA:49,5
LF:11
LH:11
BRF:0
BRH:0
end_of_record
TN:
SF:src/services/authService.ts
FN:10,(anonymous_10)
FN:17,(anonymous_11)
FN:47,(anonymous_12)
FN:79,(anonymous_13)
FN:128,(anonymous_14)
FN:151,(anonymous_15)
FN:178,(anonymous_16)
FN:190,(anonymous_17)
FN:204,(anonymous_18)
FNF:9
FNH:1
FNDA:10,(anonymous_10)
FNDA:0,(anonymous_11)
FNDA:0,(anonymous_12)
FNDA:0,(anonymous_13)
FNDA:0,(anonymous_14)
FNDA:0,(anonymous_15)
FNDA:0,(anonymous_16)
FNDA:0,(anonymous_17)
FNDA:0,(anonymous_18)
DA:1,5
DA:2,5
DA:3,5
DA:4,5
DA:5,5
DA:7,5
DA:11,10
DA:18,0
DA:19,0
DA:20,0
DA:23,0
DA:25,0
DA:30,0
DA:31,0
DA:32,0
DA:34,0
DA:35,0
DA:37,0
DA:39,0
DA:40,0
DA:53,0
DA:54,0
DA:59,0
DA:61,0
DA:62,0
DA:65,0
DA:72,0
DA:85,0
DA:88,0
DA:89,0
DA:90,0
DA:93,0
DA:95,0
DA:107,0
DA:110,0
DA:112,0
DA:113,0
DA:114,0
DA:115,0
DA:116,0
DA:118,0
DA:119,0
DA:122,0
DA:129,0
DA:131,0
DA:132,0
DA:135,0
DA:145,0
DA:156,0
DA:158,0
DA:159,0
DA:162,0
DA:163,0
DA:169,0
DA:171,0
DA:179,0
DA:181,0
DA:182,0
DA:183,0
DA:191,0
DA:193,0
DA:194,0
DA:197,0
DA:198,0
DA:205,0
DA:207,0
DA:208,0
DA:212,0
DA:213,0
DA:216,0
DA:220,5
LF:71
LH:8
BRDA:19,0,0,0
BRDA:19,0,1,0
BRDA:19,1,0,0
BRDA:19,1,1,0
BRDA:32,2,0,0
BRDA:32,2,1,0
BRDA:61,3,0,0
BRDA:61,3,1,0
BRDA:61,4,0,0
BRDA:61,4,1,0
BRDA:61,4,2,0
BRDA:68,5,0,0
BRDA:68,5,1,0
BRDA:89,6,0,0
BRDA:89,6,1,0
BRDA:93,7,0,0
BRDA:93,7,1,0
BRDA:112,8,0,0
BRDA:112,8,1,0
BRDA:112,9,0,0
BRDA:112,9,1,0
BRDA:112,9,2,0
BRDA:115,10,0,0
BRDA:115,10,1,0
BRDA:115,11,0,0
BRDA:115,11,1,0
BRDA:131,12,0,0
BRDA:131,12,1,0
BRDA:158,13,0,0
BRDA:158,13,1,0
BRDA:181,14,0,0
BRDA:181,14,1,0
BRDA:193,15,0,0
BRDA:193,15,1,0
BRDA:207,16,0,0
BRDA:207,16,1,0
BRDA:212,17,0,0
BRDA:212,17,1,0
BRDA:212,18,0,0
BRDA:212,18,1,0
BRF:40
BRH:0
end_of_record
TN:
SF:src/services/credibilityService.ts
FN:4,(anonymous_10)
FN:18,(anonymous_11)
FN:72,(anonymous_12)
FN:88,(anonymous_13)
FN:104,(anonymous_14)
FN:120,(anonymous_15)
FN:136,(anonymous_16)
FN:147,(anonymous_17)
FN:162,(anonymous_18)
FN:163,(anonymous_19)
FN:167,(anonymous_20)
FN:185,(anonymous_21)
FN:192,(anonymous_22)
FNF:13
FNH:0
FNDA:0,(anonymous_10)
FNDA:0,(anonymous_11)
FNDA:0,(anonymous_12)
FNDA:0,(anonymous_13)
FNDA:0,(anonymous_14)
FNDA:0,(anonymous_15)
FNDA:0,(anonymous_16)
FNDA:0,(anonymous_17)
FNDA:0,(anonymous_18)
FNDA:0,(anonymous_19)
FNDA:0,(anonymous_20)
FNDA:0,(anonymous_21)
FNDA:0,(anonymous_22)
DA:1,0
DA:2,0
DA:4,0
DA:6,0
DA:29,0
DA:31,0
DA:32,0
DA:35,0
DA:36,0
DA:37,0
DA:40,0
DA:43,0
DA:44,0
DA:47,0
DA:58,0
DA:62,0
DA:76,0
DA:92,0
DA:108,0
DA:124,0
DA:140,0
DA:141,0
DA:154,0
DA:156,0
DA:157,0
DA:160,0
DA:162,0
DA:163,0
DA:166,0
DA:167,0
DA:169,0
DA:170,0
DA:171,0
DA:173,0
DA:186,0
DA:197,0
DA:199,0
DA:200,0
DA:203,0
DA:204,0
DA:206,0
DA:207,0
DA:210,0
DA:219,0
DA:223,0
LF:45
LH:0
BRDA:31,0,0,0
BRDA:31,0,1,0
BRDA:138,1,0,0
BRDA:156,2,0,0
BRDA:156,2,1,0
BRDA:170,3,0,0
BRDA:170,3,1,0
BRDA:171,4,0,0
BRDA:171,4,1,0
BRDA:185,5,0,0
BRDA:199,6,0,0
BRDA:199,6,1,0
BRF:12
BRH:0
end_of_record
TN:
SF:src/services/groupService.ts
FN:11,(anonymous_10)
FN:33,(anonymous_11)
FN:46,(anonymous_12)
FN:79,(anonymous_13)
FN:132,(anonymous_14)
FN:176,(anonymous_15)
FN:200,(anonymous_16)
FN:213,(anonymous_17)
FN:238,(anonymous_18)
FN:255,(anonymous_19)
FNF:10
FNH:0
FNDA:0,(anonymous_10)
FNDA:0,(anonymous_11)
FNDA:0,(anonymous_12)
FNDA:0,(anonymous_13)
FNDA:0,(anonymous_14)
FNDA:0,(anonymous_15)
FNDA:0,(anonymous_16)
FNDA:0,(anonymous_17)
FNDA:0,(anonymous_18)
FNDA:0,(anonymous_19)
DA:1,5
DA:2,5
DA:3,5
DA:4,5
DA:7,5
DA:12,0
DA:14,0
DA:15,0
DA:18,0
DA:34,0
DA:35,0
DA:37,0
DA:38,0
DA:40,0
DA:52,0
DA:54,0
DA:55,0
DA:59,0
DA:60,0
DA:64,0
DA:65,0
DA:69,0
DA:72,0
DA:73,0
DA:75,0
DA:78,0
DA:79,0
DA:80,0
DA:84,0
DA:93,0
DA:94,0
DA:96,0
DA:98,0
DA:99,0
DA:101,0
DA:102,0
DA:105,0
DA:113,0
DA:119,0
DA:123,0
DA:133,0
DA:135,0
DA:136,0
DA:139,0
DA:140,0
DA:141,0
DA:145,0
DA:148,0
DA:149,0
DA:150,0
DA:152,0
DA:154,0
DA:155,0
DA:157,0
DA:160,0
DA:168,0
DA:169,0
DA:171,0
DA:172,0
DA:173,0
DA:175,0
DA:176,0
DA:177,0
DA:180,0
DA:187,0
DA:201,0
DA:203,0
DA:204,0
DA:207,0
DA:214,0
DA:216,0
DA:217,0
DA:221,0
DA:230,0
DA:232,0
DA:239,0
DA:244,0
DA:246,0
DA:248,0
DA:249,0
DA:250,0
DA:253,0
DA:254,0
DA:255,0
DA:256,0
DA:259,0
DA:266,0
DA:276,0
DA:279,0
DA:281,0
DA:290,0
DA:296,5
LF:92
LH:6
BRDA:14,0,0,0
BRDA:14,0,1,0
BRDA:25,1,0,0
BRDA:25,1,1,0
BRDA:34,2,0,0
BRDA:34,2,1,0
BRDA:37,3,0,0
BRDA:37,3,1,0
BRDA:54,4,0,0
BRDA:54,4,1,0
BRDA:59,5,0,0
BRDA:59,5,1,0
BRDA:64,6,0,0
BRDA:64,6,1,0
BRDA:93,7,0,0
BRDA:93,7,1,0
BRDA:96,8,0,0
BRDA:96,8,1,0
BRDA:98,9,0,0
BRDA:98,9,1,0
BRDA:108,10,0,0
BRDA:108,10,1,0
BRDA:115,11,0,0
BRDA:115,11,1,0
BRDA:135,12,0,0
BRDA:135,12,1,0
BRDA:140,13,0,0
BRDA:140,13,1,0
BRDA:152,14,0,0
BRDA:152,14,1,0
BRDA:168,15,0,0
BRDA:168,15,1,0
BRDA:168,16,0,0
BRDA:168,16,1,0
BRDA:171,17,0,0
BRDA:171,17,1,0
BRDA:171,18,0,0
BRDA:171,18,1,0
BRDA:203,19,0,0
BRDA:203,19,1,0
BRDA:203,20,0,0
BRDA:203,20,1,0
BRDA:216,21,0,0
BRDA:216,21,1,0
BRDA:248,22,0,0
BRDA:248,22,1,0
BRDA:248,23,0,0
BRDA:248,23,1,0
BRDA:253,24,0,0
BRDA:253,24,1,0
BRF:50
BRH:0
end_of_record
TN:
SF:src/services/matchingService.ts
FN:7,(anonymous_10)
FN:17,(anonymous_11)
FN:34,(anonymous_12)
FN:58,(anonymous_13)
FN:76,(anonymous_14)
FN:180,(anonymous_15)
FN:183,(anonymous_16)
FN:184,(anonymous_17)
FN:193,(anonymous_18)
FN:219,(anonymous_19)
FN:258,(anonymous_20)
FN:311,(anonymous_21)
FN:329,(anonymous_22)
FN:341,(anonymous_23)
FNF:14
FNH:1
FNDA:5,(anonymous_10)
FNDA:0,(anonymous_11)
FNDA:0,(anonymous_12)
FNDA:0,(anonymous_13)
FNDA:0,(anonymous_14)
FNDA:0,(anonymous_15)
FNDA:0,(anonymous_16)
FNDA:0,(anonymous_17)
FNDA:0,(anonymous_18)
FNDA:0,(anonymous_19)
FNDA:0,(anonymous_20)
FNDA:0,(anonymous_21)
FNDA:0,(anonymous_22)
FNDA:0,(anonymous_23)
DA:1,5
DA:2,5
DA:3,5
DA:4,5
DA:5,5
DA:7,5
DA:8,5
DA:9,5
DA:10,5
DA:11,5
DA:12,5
DA:23,0
DA:29,0
DA:30,0
DA:34,0
DA:35,0
DA:38,0
DA:39,0
DA:44,0
DA:45,0
DA:46,0
DA:50,0
DA:51,0
DA:52,0
DA:54,0
DA:58,0
DA:61,0
DA:63,0
DA:64,0
DA:65,0
DA:68,0
DA:69,0
DA:85,0
DA:86,0
DA:87,0
DA:91,0
DA:92,0
DA:96,0
DA:97,0
DA:98,0
DA:99,0
DA:102,0
DA:109,0
DA:111,0
DA:113,0
DA:115,0
DA:125,0
DA:128,0
DA:131,0
DA:133,0
DA:134,0
DA:138,0
DA:139,0
DA:140,0
DA:143,0
DA:150,0
DA:158,0
DA:167,0
DA:168,0
DA:171,0
DA:181,0
DA:183,0
DA:184,0
DA:186,0
DA:187,0
DA:194,0
DA:195,0
DA:196,0
DA:199,0
DA:202,0
DA:203,0
DA:206,0
DA:207,0
DA:208,0
DA:209,0
DA:210,0
DA:214,0
DA:219,0
DA:222,0
DA:223,0
DA:224,0
DA:227,0
DA:234,0
DA:236,0
DA:237,0
DA:240,0
DA:241,0
DA:244,0
DA:252,0
DA:259,0
DA:260,0
DA:261,0
DA:265,0
DA:266,0
DA:269,0
DA:271,0
DA:279,0
DA:282,0
DA:292,0
DA:299,0
DA:300,0
DA:301,0
DA:303,0
DA:312,0
DA:313,0
DA:314,0
DA:317,0
DA:330,0
DA:331,0
DA:332,0
DA:335,0
DA:342,0
DA:347,0
DA:349,0
DA:351,0
DA:354,0
DA:355,0
DA:358,0
DA:367,0
DA:369,0
DA:370,0
DA:371,0
DA:373,0
DA:377,0
DA:383,5
LF:125
LH:12
BRDA:29,0,0,0
BRDA:29,0,1,0
BRDA:38,1,0,0
BRDA:38,1,1,0
BRDA:38,2,0,0
BRDA:38,2,1,0
BRDA:44,3,0,0
BRDA:44,3,1,0
BRDA:50,4,0,0
BRDA:50,4,1,0
BRDA:63,5,0,0
BRDA:63,5,1,0
BRDA:86,6,0,0
BRDA:86,6,1,0
BRDA:91,7,0,0
BRDA:91,7,1,0
BRDA:91,8,0,0
BRDA:91,8,1,0
BRDA:96,9,0,0
BRDA:96,9,1,0
BRDA:97,10,0,0
BRDA:97,10,1,0
BRDA:98,11,0,0
BRDA:98,11,1,0
BRDA:103,12,0,0
BRDA:103,12,1,0
BRDA:103,12,2,0
BRDA:104,13,0,0
BRDA:104,13,1,0
BRDA:104,13,2,0
BRDA:105,14,0,0
BRDA:105,14,1,0
BRDA:105,14,2,0
BRDA:111,15,0,0
BRDA:111,15,1,0
BRDA:120,16,0,0
BRDA:120,16,1,0
BRDA:167,17,0,0
BRDA:167,17,1,0
BRDA:183,18,0,0
BRDA:183,18,1,0
BRDA:184,19,0,0
BRDA:184,19,1,0
BRDA:195,20,0,0
BRDA:195,20,1,0
BRDA:202,21,0,0
BRDA:202,21,1,0
BRDA:206,22,0,0
BRDA:206,22,1,0
BRDA:234,23,0,0
BRDA:234,23,1,0
BRDA:260,24,0,0
BRDA:260,24,1,0
BRDA:313,25,0,0
BRDA:313,25,1,0
BRDA:331,26,0,0
BRDA:331,26,1,0
BRDA:349,27,0,0
BRDA:349,27,1,0
BRF:59
BRH:0
end_of_record
TN:
SF:src/services/notificationService.ts
FN:8,(anonymous_1)
FN:35,(anonymous_2)
FN:43,(anonymous_3)
FN:44,(anonymous_4)
FN:62,(anonymous_5)
FN:72,(anonymous_6)
FN:82,(anonymous_7)
FN:103,(anonymous_8)
FN:122,(anonymous_9)
FNF:9
FNH:0
FNDA:0,(anonymous_1)
FNDA:0,(anonymous_2)
FNDA:0,(anonymous_3)
FNDA:0,(anonymous_4)
FNDA:0,(anonymous_5)
FNDA:0,(anonymous_6)
FNDA:0,(anonymous_7)
FNDA:0,(anonymous_8)
FNDA:0,(anonymous_9)
DA:1,5
DA:2,5
DA:8,5
DA:12,0
DA:13,0
DA:15,0
DA:16,0
DA:19,0
DA:20,0
DA:21,0
DA:24,0
DA:25,0
DA:27,0
DA:28,0
DA:35,5
DA:39,0
DA:40,0
DA:42,0
DA:43,0
DA:44,0
DA:46,0
DA:47,0
DA:48,0
DA:51,0
DA:52,0
DA:54,0
DA:55,0
DA:62,5
DA:66,0
DA:72,5
DA:76,0
DA:82,5
DA:87,0
DA:97,0
DA:103,5
DA:107,0
DA:116,0
DA:122,5
DA:127,0
DA:137,0
DA:140,5
LF:41
LH:10
BRDA:15,0,0,0
BRDA:15,0,1,0
BRDA:19,1,0,0
BRDA:19,1,1,0
BRDA:44,2,0,0
BRDA:44,2,1,0
BRDA:46,3,0,0
BRDA:46,3,1,0
BRF:8
BRH:0
end_of_record
TN:
SF:src/services/restaurantService.ts
FN:5,(anonymous_1)
FN:11,(anonymous_2)
FN:54,(anonymous_3)
FN:57,(anonymous_4)
FN:69,(anonymous_5)
FN:103,(anonymous_6)
FN:111,(anonymous_7)
FN:121,(anonymous_8)
FN:128,(anonymous_9)
FN:138,(anonymous_10)
FN:139,(anonymous_11)
FN:142,(anonymous_12)
FN:145,(anonymous_13)
FN:149,(anonymous_14)
FN:166,(anonymous_15)
FN:198,(anonymous_16)
FNF:16
FNH:11
FNDA:4,(anonymous_1)
FNDA:8,(anonymous_2)
FNDA:0,(anonymous_3)
FNDA:0,(anonymous_4)
FNDA:3,(anonymous_5)
FNDA:0,(anonymous_6)
FNDA:0,(anonymous_7)
FNDA:0,(anonymous_8)
FNDA:3,(anonymous_9)
FNDA:5,(anonymous_10)
FNDA:5,(anonymous_11)
FNDA:5,(anonymous_12)
FNDA:5,(anonymous_13)
FNDA:5,(anonymous_14)
FNDA:8,(anonymous_15)
FNDA:3,(anonymous_16)
DA:1,4
DA:2,4
DA:5,4
DA:6,4
DA:18,8
DA:20,8
DA:21,8
DA:22,8
DA:25,0
DA:28,0
DA:30,0
DA:43,0
DA:45,0
DA:46,0
DA:49,0
DA:50,0
DA:53,0
DA:54,0
DA:57,0
DA:59,0
DA:60,0
DA:62,0
DA:70,3
DA:71,3
DA:72,3
DA:76,0
DA:87,0
DA:88,0
DA:91,0
DA:92,0
DA:94,0
DA:95,0
DA:96,0
DA:104,0
DA:111,0
DA:122,0
DA:138,5
DA:139,5
DA:142,5
DA:145,5
DA:146,3
DA:149,5
DA:152,3
DA:160,3
DA:167,8
DA:199,3
DA:211,4
LF:47
LH:22
BRDA:6,0,0,4
BRDA:6,0,1,4
BRDA:14,1,0,0
BRDA:20,2,0,8
BRDA:20,2,1,0
BRDA:28,3,0,0
BRDA:28,3,1,0
BRDA:28,4,0,0
BRDA:28,4,1,0
BRDA:45,5,0,0
BRDA:45,5,1,0
BRDA:45,6,0,0
BRDA:45,6,1,0
BRDA:49,7,0,0
BRDA:49,7,1,0
BRDA:53,8,0,0
BRDA:53,8,1,0
BRDA:59,9,0,0
BRDA:59,9,1,0
BRDA:71,10,0,3
BRDA:71,10,1,0
BRDA:87,11,0,0
BRDA:87,11,1,0
BRDA:94,12,0,0
BRDA:94,12,1,0
BRDA:105,13,0,0
BRDA:105,13,1,0
BRDA:106,14,0,0
BRDA:106,14,1,0
BRDA:106,14,2,0
BRDA:108,15,0,0
BRDA:108,15,1,0
BRDA:108,15,2,0
BRDA:111,16,0,0
BRDA:111,16,1,0
BRDA:121,17,0,0
BRF:36
BRH:4
end_of_record
TN:
SF:src/services/userService.ts
FN:9,(anonymous_1)
FN:39,(anonymous_2)
FN:42,(anonymous_3)
FN:54,(anonymous_4)
FN:84,(anonymous_5)
FN:118,(anonymous_6)
FN:162,(anonymous_7)
FN:206,(anonymous_8)
FNF:8
FNH:8
FNDA:1,(anonymous_1)
FNDA:9,(anonymous_2)
FNDA:6,(anonymous_3)
FNDA:6,(anonymous_4)
FNDA:7,(anonymous_5)
FNDA:5,(anonymous_6)
FNDA:5,(anonymous_7)
FNDA:9,(anonymous_8)
DA:1,5
DA:3,5
DA:5,5
DA:10,1
DA:11,1
DA:12,0
DA:15,1
DA:17,1
DA:22,0
DA:23,0
DA:24,0
DA:26,0
DA:27,0
DA:29,0
DA:31,1
DA:32,1
DA:40,9
DA:42,6
DA:55,6
DA:57,6
DA:59,4
DA:60,3
DA:63,1
DA:65,1
DA:93,7
DA:95,7
DA:96,5
DA:99,2
DA:100,2
DA:101,2
DA:102,2
DA:104,2
DA:106,0
DA:130,5
DA:131,5
DA:133,5
DA:135,5
DA:136,3
DA:139,2
DA:140,2
DA:141,2
DA:142,2
DA:143,1
DA:146,1
DA:147,1
DA:149,2
DA:150,2
DA:151,2
DA:153,2
DA:154,1
DA:156,1
DA:174,5
DA:176,5
DA:177,3
DA:180,2
DA:181,2
DA:182,2
DA:183,2
DA:185,0
DA:186,0
DA:188,2
DA:189,2
DA:190,2
DA:192,2
DA:194,0
DA:207,9
DA:209,8
DA:210,4
DA:213,4
DA:214,2
DA:217,2
DA:219,1
LF:72
LH:61
BRDA:11,0,0,0
BRDA:11,0,1,1
BRDA:11,1,0,1
BRDA:11,1,1,1
BRDA:24,2,0,0
BRDA:24,2,1,0
BRDA:59,3,0,3
BRDA:59,3,1,1
BRDA:73,4,0,1
BRDA:73,4,1,1
BRDA:74,5,0,1
BRDA:74,5,1,1
BRDA:95,6,0,5
BRDA:95,6,1,2
BRDA:99,7,0,2
BRDA:99,7,1,0
BRDA:99,8,0,2
BRDA:99,8,1,2
BRDA:100,9,0,0
BRDA:100,9,1,2
BRDA:100,10,0,2
BRDA:100,10,1,0
BRDA:101,11,0,0
BRDA:101,11,1,2
BRDA:101,12,0,2
BRDA:101,12,1,0
BRDA:102,13,0,0
BRDA:102,13,1,2
BRDA:102,14,0,2
BRDA:102,14,1,0
BRDA:135,15,0,3
BRDA:135,15,1,2
BRDA:139,16,0,0
BRDA:139,16,1,2
BRDA:139,17,0,2
BRDA:139,17,1,0
BRDA:140,18,0,0
BRDA:140,18,1,2
BRDA:140,19,0,2
BRDA:140,19,1,0
BRDA:141,20,0,0
BRDA:141,20,1,2
BRDA:141,21,0,2
BRDA:141,21,1,0
BRDA:142,22,0,1
BRDA:142,22,1,1
BRDA:142,23,0,2
BRDA:142,23,1,1
BRDA:149,24,0,0
BRDA:149,24,1,2
BRDA:149,25,0,2
BRDA:149,25,1,0
BRDA:150,26,0,1
BRDA:150,26,1,1
BRDA:150,27,0,2
BRDA:150,27,1,1
BRDA:151,28,0,0
BRDA:151,28,1,2
BRDA:151,29,0,2
BRDA:151,29,1,0
BRDA:176,30,0,3
BRDA:176,30,1,2
BRDA:180,31,0,2
BRDA:180,31,1,0
BRDA:180,32,0,2
BRDA:180,32,1,2
BRDA:181,33,0,0
BRDA:181,33,1,2
BRDA:181,34,0,2
BRDA:181,34,1,0
BRDA:182,35,0,0
BRDA:182,35,1,2
BRDA:182,36,0,2
BRDA:182,36,1,0
BRDA:183,37,0,0
BRDA:183,37,1,2
BRDA:183,38,0,2
BRDA:183,38,1,0
BRDA:188,39,0,0
BRDA:188,39,1,2
BRDA:188,40,0,2
BRDA:188,40,1,0
BRDA:189,41,0,0
BRDA:189,41,1,2
BRDA:189,42,0,2
BRDA:189,42,1,0
BRDA:190,43,0,0
BRDA:190,43,1,2
BRDA:190,44,0,2
BRDA:190,44,1,0
BRDA:209,45,0,4
BRDA:209,45,1,4
BRDA:213,46,0,2
BRDA:213,46,1,2
BRDA:213,47,0,4
BRDA:213,47,1,3
BRF:96
BRH:63
end_of_record
TN:
SF:src/utils/socketManager.ts
FN:15,(anonymous_9)
FN:17,(anonymous_10)
FN:27,(anonymous_11)
FN:41,(anonymous_12)
FN:51,(anonymous_13)
FN:63,(anonymous_14)
FN:80,(anonymous_15)
FN:87,(anonymous_16)
FN:94,(anonymous_17)
FN:101,(anonymous_18)
FN:115,(anonymous_19)
FN:131,(anonymous_20)
FN:149,(anonymous_21)
FN:166,(anonymous_22)
FNF:14
FNH:2
FNDA:5,(anonymous_9)
FNDA:5,(anonymous_10)
FNDA:0,(anonymous_11)
FNDA:0,(anonymous_12)
FNDA:0,(anonymous_13)
FNDA:0,(anonymous_14)
FNDA:0,(anonymous_15)
FNDA:0,(anonymous_16)
FNDA:0,(anonymous_17)
FNDA:0,(anonymous_18)
FNDA:0,(anonymous_19)
FNDA:0,(anonymous_20)
FNDA:0,(anonymous_21)
FNDA:0,(anonymous_22)
DA:3,5
DA:12,5
DA:13,5
DA:18,5
DA:19,5
DA:21,5
DA:28,0
DA:29,0
DA:30,0
DA:33,0
DA:34,0
DA:35,0
DA:42,0
DA:43,0
DA:45,0
DA:52,0
DA:53,0
DA:55,0
DA:69,0
DA:81,0
DA:88,0
DA:101,0
DA:103,0
DA:121,0
DA:138,0
DA:155,0
DA:167,0
DA:170,0
DA:171,0
DA:172,0
DA:173,0
DA:177,0
DA:182,5
DA:183,5
LF:34
LH:8
BRDA:18,0,0,5
BRDA:18,0,1,0
BRDA:28,1,0,0
BRDA:28,1,1,0
BRDA:42,2,0,0
BRDA:42,2,1,0
BRDA:52,3,0,0
BRDA:52,3,1,0
BRDA:171,4,0,0
BRDA:171,4,1,0
BRF:10
BRH:1
end_of_record
